<!DOCTYPE html PUBLIC "-//W3C//DTD XHTML 1.0 Transitional//EN" "http://www.w3.org/TR/xhtml1/DTD/xhtml1-transitional.dtd">
<!-- Generated by Apache Maven Doxia Site Renderer 1.4 at 2014-05-09 -->
<html xmlns="http://www.w3.org/1999/xhtml" xml:lang="en" lang="en">
  <head>
    <meta http-equiv="Content-Type" content="text/html; charset=UTF-8" />
    <title>Title_Validation_E2E - Surefire Report</title>
    <style type="text/css" media="all">
      @import url("./css/maven-base.css");
      @import url("./css/maven-theme.css");
      @import url("./css/site.css");
    </style>
    <link rel="stylesheet" href="./css/print.css" type="text/css" media="print" />
    <meta name="Date-Revision-yyyymmdd" content="20140509" />
    <meta http-equiv="Content-Language" content="en" />
        
        </head>
  <body class="composite">
    <div id="banner">
                    <div id="bannerLeft">
                Title_Validation_E2E
                </div>
                    <div class="clear">
        <hr/>
      </div>
    </div>
    <div id="breadcrumbs">
            
                    
                <div class="xleft">
        <span id="publishDate">Last Published: 2014-05-09</span>
                  &nbsp;| <span id="projectVersion">Version: 1.1</span>
                      </div>
            <div class="xright">                    <a href="./" title="Title_Validation_E2E">Title_Validation_E2E</a>
              
                    
      </div>
      <div class="clear">
        <hr/>
      </div>
    </div>
    <div id="leftColumn">
      <div id="navcolumn">
             
                    
                                          <h5>Project Documentation</h5>
                  <ul>
                                                                                                                                                                                                                                                                                            <li class="collapsed">
                          <a href="project-info.html" title="Project Information">Project Information</a>
                  </li>
                                                                              <li class="expanded">
                          <a href="project-reports.html" title="Project Reports">Project Reports</a>
                    <ul>
                      <li class="none">
            <strong>Surefire Report</strong>
          </li>
              </ul>
        </li>
          </ul>
                             <a href="http://maven.apache.org/" title="Built by Maven" class="poweredBy">
        <img class="poweredBy" alt="Built by Maven" src="./images/logos/maven-feather.png" />
      </a>
                   
                    
            </div>
    </div>
    <div id="bodyColumn">
      <div id="contentBox">
        <script type="text/javascript">
//<![CDATA[
function toggleDisplay(elementId) {
 var elm = document.getElementById(elementId + 'error');
 if (elm && typeof elm.style != "undefined") {
 if (elm.style.display == "none") {
 elm.style.display = "";
 document.getElementById(elementId + 'off').style.display = "none";
 document.getElementById(elementId + 'on').style.display = "inline";
 } else if (elm.style.display == "") { elm.style.display = "none";
 document.getElementById(elementId + 'off').style.display = "inline";
 document.getElementById(elementId + 'on').style.display = "none";
 } 
 } 
 }
//]]>
</script>
<div class="section">
<h2>Surefire Report<a name="Surefire_Report"></a></h2></div>
<div class="section">
<h2>Summary<a name="Summary"></a></h2><a name="Summary"></a>
<p>[<a href="#Summary">Summary</a>] [<a href="#Package_List">Package List</a>] [<a href="#Test_Cases">Test Cases</a>]</p><br />
<table border="1" class="bodyTable">
<tr class="a">
<th>Tests</th>
<th>Errors </th>
<th>Failures</th>
<th>Skipped</th>
<th>Success Rate</th>
<th>Time</th></tr>
<tr class="b">
<td>26</td>
<td>0</td>
<td>14</td>
<td>0</td>
<td>46.154%</td>
<td>0.031</td></tr></table><br />
<p>Note: failures are anticipated and checked for with assertions while errors are unanticipated.</p><br /></div>
<div class="section">
<h2>Package List<a name="Package_List"></a></h2><a name="Package_List"></a>
<p>[<a href="#Summary">Summary</a>] [<a href="#Package_List">Package List</a>] [<a href="#Test_Cases">Test Cases</a>]</p><br />
<table border="1" class="bodyTable">
<tr class="a">
<th>Package</th>
<th>Tests</th>
<th>Errors </th>
<th>Failures</th>
<th>Skipped</th>
<th>Success Rate</th>
<th>Time</th></tr>
<tr class="b">
<td><a href="#core.Title_Validation_E2E">core.Title_Validation_E2E</a></td>
<td>26</td>
<td>0</td>
<td>14</td>
<td>0</td>
<td>46.154%</td>
<td>0.031</td></tr></table><br />
<p>Note: package statistics are not computed recursively, they only sum up all of its testsuites numbers.</p>
<div class="section">
<h3>core.Title_Validation_E2E<a name="core.Title_Validation_E2E"></a></h3><a name="core.Title_Validation_E2E"></a>
<table border="1" class="bodyTable">
<tr class="a">
<th></th>
<th>Class</th>
<th>Tests</th>
<th>Errors </th>
<th>Failures</th>
<th>Skipped</th>
<th>Success Rate</th>
<th>Time</th></tr>
<tr class="b">
<td><a href="#core.Title_Validation_E2ESeleniumTest"><img src="images/icon_warning_sml.gif" alt="" /></a></td>
<td><a href="#core.Title_Validation_E2ESeleniumTest">SeleniumTest</a></td>
<td>26</td>
<td>0</td>
<td>14</td>
<td>0</td>
<td>46.154%</td>
<td>0.031</td></tr></table></div><br /></div>
<div class="section">
<h2>Test Cases<a name="Test_Cases"></a></h2><a name="Test_Cases"></a>
<p>[<a href="#Summary">Summary</a>] [<a href="#Package_List">Package List</a>] [<a href="#Test_Cases">Test Cases</a>]</p>
<div class="section">
<h3>SeleniumTest<a name="SeleniumTest"></a></h3><a name="core.Title_Validation_E2ESeleniumTest"></a>
<table border="1" class="bodyTable">
<tr class="a">
<td><img src="images/icon_success_sml.gif" alt="" /></td>
<td>test_Title_Validation[Iteration # 0 : exp: Google; act: Google]</td>
<td>0.002</td></tr>
<tr class="b">
<td><a href="#core.Title_Validation_E2E.SeleniumTest.test_Title_Validation[Iteration # 1 : exp: Gaagle; act: Google]"><img src="images/icon_error_sml.gif" alt="" /></a></td>
<td><a href="#core.Title_Validation_E2E.SeleniumTest.test_Title_Validation[Iteration # 1 : exp: Gaagle; act: Google]">test_Title_Validation[Iteration # 1 : exp: Gaagle; act: Google]</a>
<div class="detailToggle" style="display:inline"><a href="javascript:toggleDisplay(&apos;core_Title_Validation_E2E_SeleniumTest_test_Title_Validation[Iteration # 1 : exp: Gaagle; act: Google]&apos;);"><span style="display:inline;" id="core_Title_Validation_E2E_SeleniumTest_test_Title_Validation[Iteration # 1 : exp: Gaagle; act: Google]off"> + </span><span style="display:none;" id="core_Title_Validation_E2E_SeleniumTest_test_Title_Validation[Iteration # 1 : exp: Gaagle; act: Google]on"> - </span>[ Detail ]</a></div></td>
<td>0.006</td></tr>
<tr class="a">
<td></td>
<td>FAILED expected:&lt;G[aa]gle&gt; but was:&lt;G[oo]gle&gt;</td>
<td></td></tr>
<tr class="b">
<td></td>
<td>
<div id="core_Title_Validation_E2E_SeleniumTest_test_Title_Validation[Iteration # 1 : exp: Gaagle; act: Google]error" style="display:none;">
<div>
<pre>org.junit.ComparisonFailure: FAILED expected:&lt;G[aa]gle&gt; but was:&lt;G[oo]gle&gt;at org.junit.Assert.assertEquals(Assert.java:115)at core.Title_Validation_E2E.SeleniumTest.test_Title_Validation(SeleniumTest.java:45)at sun.reflect.NativeMethodAccessorImpl.invoke0(Native Method)at sun.reflect.NativeMethodAccessorImpl.invoke(NativeMethodAccessorImpl.java:57)at sun.reflect.DelegatingMethodAccessorImpl.invoke(DelegatingMethodAccessorImpl.java:43)at java.lang.reflect.Method.invoke(Method.java:606)at org.junit.runners.model.FrameworkMethod$1.runReflectiveCall(FrameworkMethod.java:47)at org.junit.internal.runners.model.ReflectiveCallable.run(ReflectiveCallable.java:12)at org.junit.runners.model.FrameworkMethod.invokeExplosively(FrameworkMethod.java:44)at org.junit.internal.runners.statements.InvokeMethod.evaluate(InvokeMethod.java:17)at org.junit.runners.ParentRunner.runLeaf(ParentRunner.java:271)at org.junit.runners.BlockJUnit4ClassRunner.runChild(BlockJUnit4ClassRunner.java:70)at org.junit.runners.BlockJUnit4ClassRunner.runChild(BlockJUnit4ClassRunner.java:50)at org.junit.runners.ParentRunner$3.run(ParentRunner.java:238)at org.junit.runners.ParentRunner$1.schedule(ParentRunner.java:63)at org.junit.runners.ParentRunner.runChildren(ParentRunner.java:236)at org.junit.runners.ParentRunner.access$000(ParentRunner.java:53)at org.junit.runners.ParentRunner$2.evaluate(ParentRunner.java:229)at org.junit.runners.ParentRunner.run(ParentRunner.java:309)at org.junit.runners.Suite.runChild(Suite.java:127)at org.junit.runners.Suite.runChild(Suite.java:26)at org.junit.runners.ParentRunner$3.run(ParentRunner.java:238)at org.junit.runners.ParentRunner$1.schedule(ParentRunner.java:63)at org.junit.runners.ParentRunner.runChildren(ParentRunner.java:236)at org.junit.runners.ParentRunner.access$000(ParentRunner.java:53)at org.junit.runners.ParentRunner$2.evaluate(ParentRunner.java:229)at org.junit.internal.runners.statements.RunBefores.evaluate(RunBefores.java:26)at org.junit.runners.ParentRunner.run(ParentRunner.java:309)at org.junit.runners.Suite.runChild(Suite.java:127)at org.junit.runners.Suite.runChild(Suite.java:26)at org.junit.runners.ParentRunner$3.run(ParentRunner.java:238)at org.junit.runners.ParentRunner$1.schedule(ParentRunner.java:63)at org.junit.runners.ParentRunner.runChildren(ParentRunner.java:236)at org.junit.runners.ParentRunner.access$000(ParentRunner.java:53)at org.junit.runners.ParentRunner$2.evaluate(ParentRunner.java:229)at org.junit.runners.ParentRunner.run(ParentRunner.java:309)at org.apache.maven.surefire.junit4.JUnit4Provider.execute(JUnit4Provider.java:252)at org.apache.maven.surefire.junit4.JUnit4Provider.executeTestSet(JUnit4Provider.java:141)at org.apache.maven.surefire.junit4.JUnit4Provider.invoke(JUnit4Provider.java:112)at sun.reflect.NativeMethodAccessorImpl.invoke0(Native Method)at sun.reflect.NativeMethodAccessorImpl.invoke(NativeMethodAccessorImpl.java:57)at sun.reflect.DelegatingMethodAccessorImpl.invoke(DelegatingMethodAccessorImpl.java:43)at java.lang.reflect.Method.invoke(Method.java:606)at org.apache.maven.surefire.util.ReflectionUtils.invokeMethodWithArray(ReflectionUtils.java:189)at org.apache.maven.surefire.booter.ProviderFactory$ProviderProxy.invoke(ProviderFactory.java:165)at org.apache.maven.surefire.booter.ProviderFactory.invokeProvider(ProviderFactory.java:85)at org.apache.maven.surefire.booter.ForkedBooter.runSuitesInProcess(ForkedBooter.java:115)at org.apache.maven.surefire.booter.ForkedBooter.main(ForkedBooter.java:75)</pre></div></div></td>
<td></td></tr>
<tr class="a">
<td><img src="images/icon_success_sml.gif" alt="" /></td>
<td>test_Title_Validation[Iteration # 2 : exp: Bing; act: Bing]</td>
<td>0</td></tr>
<tr class="b">
<td><a href="#core.Title_Validation_E2E.SeleniumTest.test_Title_Validation[Iteration # 3 : exp: Bang; act: Bing]"><img src="images/icon_error_sml.gif" alt="" /></a></td>
<td><a href="#core.Title_Validation_E2E.SeleniumTest.test_Title_Validation[Iteration # 3 : exp: Bang; act: Bing]">test_Title_Validation[Iteration # 3 : exp: Bang; act: Bing]</a>
<div class="detailToggle" style="display:inline"><a href="javascript:toggleDisplay(&apos;core_Title_Validation_E2E_SeleniumTest_test_Title_Validation[Iteration # 3 : exp: Bang; act: Bing]&apos;);"><span style="display:inline;" id="core_Title_Validation_E2E_SeleniumTest_test_Title_Validation[Iteration # 3 : exp: Bang; act: Bing]off"> + </span><span style="display:none;" id="core_Title_Validation_E2E_SeleniumTest_test_Title_Validation[Iteration # 3 : exp: Bang; act: Bing]on"> - </span>[ Detail ]</a></div></td>
<td>0.001</td></tr>
<tr class="a">
<td></td>
<td>FAILED expected:&lt;B[a]ng&gt; but was:&lt;B[i]ng&gt;</td>
<td></td></tr>
<tr class="b">
<td></td>
<td>
<div id="core_Title_Validation_E2E_SeleniumTest_test_Title_Validation[Iteration # 3 : exp: Bang; act: Bing]error" style="display:none;">
<div>
<pre>org.junit.ComparisonFailure: FAILED expected:&lt;B[a]ng&gt; but was:&lt;B[i]ng&gt;at org.junit.Assert.assertEquals(Assert.java:115)at core.Title_Validation_E2E.SeleniumTest.test_Title_Validation(SeleniumTest.java:45)at sun.reflect.NativeMethodAccessorImpl.invoke0(Native Method)at sun.reflect.NativeMethodAccessorImpl.invoke(NativeMethodAccessorImpl.java:57)at sun.reflect.DelegatingMethodAccessorImpl.invoke(DelegatingMethodAccessorImpl.java:43)at java.lang.reflect.Method.invoke(Method.java:606)at org.junit.runners.model.FrameworkMethod$1.runReflectiveCall(FrameworkMethod.java:47)at org.junit.internal.runners.model.ReflectiveCallable.run(ReflectiveCallable.java:12)at org.junit.runners.model.FrameworkMethod.invokeExplosively(FrameworkMethod.java:44)at org.junit.internal.runners.statements.InvokeMethod.evaluate(InvokeMethod.java:17)at org.junit.runners.ParentRunner.runLeaf(ParentRunner.java:271)at org.junit.runners.BlockJUnit4ClassRunner.runChild(BlockJUnit4ClassRunner.java:70)at org.junit.runners.BlockJUnit4ClassRunner.runChild(BlockJUnit4ClassRunner.java:50)at org.junit.runners.ParentRunner$3.run(ParentRunner.java:238)at org.junit.runners.ParentRunner$1.schedule(ParentRunner.java:63)at org.junit.runners.ParentRunner.runChildren(ParentRunner.java:236)at org.junit.runners.ParentRunner.access$000(ParentRunner.java:53)at org.junit.runners.ParentRunner$2.evaluate(ParentRunner.java:229)at org.junit.runners.ParentRunner.run(ParentRunner.java:309)at org.junit.runners.Suite.runChild(Suite.java:127)at org.junit.runners.Suite.runChild(Suite.java:26)at org.junit.runners.ParentRunner$3.run(ParentRunner.java:238)at org.junit.runners.ParentRunner$1.schedule(ParentRunner.java:63)at org.junit.runners.ParentRunner.runChildren(ParentRunner.java:236)at org.junit.runners.ParentRunner.access$000(ParentRunner.java:53)at org.junit.runners.ParentRunner$2.evaluate(ParentRunner.java:229)at org.junit.internal.runners.statements.RunBefores.evaluate(RunBefores.java:26)	at org.junit.runners.ParentRunner.run(ParentRunner.java:309)at org.junit.runners.Suite.runChild(Suite.java:127)at org.junit.runners.Suite.runChild(Suite.java:26)at org.junit.runners.ParentRunner$3.run(ParentRunner.java:238)at org.junit.runners.ParentRunner$1.schedule(ParentRunner.java:63)at org.junit.runners.ParentRunner.runChildren(ParentRunner.java:236)at org.junit.runners.ParentRunner.access$000(ParentRunner.java:53)at org.junit.runners.ParentRunner$2.evaluate(ParentRunner.java:229)at org.junit.runners.ParentRunner.run(ParentRunner.java:309)at org.apache.maven.surefire.junit4.JUnit4Provider.execute(JUnit4Provider.java:252)at org.apache.maven.surefire.junit4.JUnit4Provider.executeTestSet(JUnit4Provider.java:141)at org.apache.maven.surefire.junit4.JUnit4Provider.invoke(JUnit4Provider.java:112)at sun.reflect.NativeMethodAccessorImpl.invoke0(Native Method)at sun.reflect.NativeMethodAccessorImpl.invoke(NativeMethodAccessorImpl.java:57)at sun.reflect.DelegatingMethodAccessorImpl.invoke(DelegatingMethodAccessorImpl.java:43)at java.lang.reflect.Method.invoke(Method.java:606)at org.apache.maven.surefire.util.ReflectionUtils.invokeMethodWithArray(ReflectionUtils.java:189)at org.apache.maven.surefire.booter.ProviderFactory$ProviderProxy.invoke(ProviderFactory.java:165)at org.apache.maven.surefire.booter.ProviderFactory.invokeProvider(ProviderFactory.java:85)at org.apache.maven.surefire.booter.ForkedBooter.runSuitesInProcess(ForkedBooter.java:115)at org.apache.maven.surefire.booter.ForkedBooter.main(ForkedBooter.java:75)</pre></div></div></td>
<td></td></tr>
<tr class="a">
<td><img src="images/icon_success_sml.gif" alt="" /></td>
<td>test_Title_Validation[Iteration # 4 : exp: Yahoo; act: Yahoo]</td>
<td>0.002</td></tr>
<tr class="b">
<td><a href="#core.Title_Validation_E2E.SeleniumTest.test_Title_Validation[Iteration # 5 : exp: Yahaa; act: Yahoo]"><img src="images/icon_error_sml.gif" alt="" /></a></td>
<td><a href="#core.Title_Validation_E2E.SeleniumTest.test_Title_Validation[Iteration # 5 : exp: Yahaa; act: Yahoo]">test_Title_Validation[Iteration # 5 : exp: Yahaa; act: Yahoo]</a>
<div class="detailToggle" style="display:inline"><a href="javascript:toggleDisplay(&apos;core_Title_Validation_E2E_SeleniumTest_test_Title_Validation[Iteration # 5 : exp: Yahaa; act: Yahoo]&apos;);"><span style="display:inline;" id="core_Title_Validation_E2E_SeleniumTest_test_Title_Validation[Iteration # 5 : exp: Yahaa; act: Yahoo]off"> + </span><span style="display:none;" id="core_Title_Validation_E2E_SeleniumTest_test_Title_Validation[Iteration # 5 : exp: Yahaa; act: Yahoo]on"> - </span>[ Detail ]</a></div></td>
<td>0</td></tr>
<tr class="a">
<td></td>
<td>FAILED expected:&lt;Yah[aa]&gt; but was:&lt;Yah[oo]&gt;</td>
<td></td></tr>
<tr class="b">
<td></td>
<td>
<div id="core_Title_Validation_E2E_SeleniumTest_test_Title_Validation[Iteration # 5 : exp: Yahaa; act: Yahoo]error" style="display:none;">
<div>
<pre>org.junit.ComparisonFailure: FAILED expected:&lt;Yah[aa]&gt; but was:&lt;Yah[oo]&gt;at org.junit.Assert.assertEquals(Assert.java:115)at core.Title_Validation_E2E.SeleniumTest.test_Title_Validation(SeleniumTest.java:45)at sun.reflect.NativeMethodAccessorImpl.invoke0(Native Method)at sun.reflect.NativeMethodAccessorImpl.invoke(NativeMethodAccessorImpl.java:57)at sun.reflect.DelegatingMethodAccessorImpl.invoke(DelegatingMethodAccessorImpl.java:43)at java.lang.reflect.Method.invoke(Method.java:606)at org.junit.runners.model.FrameworkMethod$1.runReflectiveCall(FrameworkMethod.java:47)at org.junit.internal.runners.model.ReflectiveCallable.run(ReflectiveCallable.java:12)at org.junit.runners.model.FrameworkMethod.invokeExplosively(FrameworkMethod.java:44)at org.junit.internal.runners.statements.InvokeMethod.evaluate(InvokeMethod.java:17)at org.junit.runners.ParentRunner.runLeaf(ParentRunner.java:271)at org.junit.runners.BlockJUnit4ClassRunner.runChild(BlockJUnit4ClassRunner.java:70)at org.junit.runners.BlockJUnit4ClassRunner.runChild(BlockJUnit4ClassRunner.java:50)at org.junit.runners.ParentRunner$3.run(ParentRunner.java:238)at org.junit.runners.ParentRunner$1.schedule(ParentRunner.java:63)at org.junit.runners.ParentRunner.runChildren(ParentRunner.java:236)at org.junit.runners.ParentRunner.access$000(ParentRunner.java:53)at org.junit.runners.ParentRunner$2.evaluate(ParentRunner.java:229)at org.junit.runners.ParentRunner.run(ParentRunner.java:309)at org.junit.runners.Suite.runChild(Suite.java:127)at org.junit.runners.Suite.runChild(Suite.java:26)at org.junit.runners.ParentRunner$3.run(ParentRunner.java:238)at org.junit.runners.ParentRunner$1.schedule(ParentRunner.java:63)at org.junit.runners.ParentRunner.runChildren(ParentRunner.java:236)at org.junit.runners.ParentRunner.access$000(ParentRunner.java:53)at org.junit.runners.ParentRunner$2.evaluate(ParentRunner.java:229)	at org.junit.internal.runners.statements.RunBefores.evaluate(RunBefores.java:26)at org.junit.runners.ParentRunner.run(ParentRunner.java:309)at org.junit.runners.Suite.runChild(Suite.java:127)at org.junit.runners.Suite.runChild(Suite.java:26)at org.junit.runners.ParentRunner$3.run(ParentRunner.java:238)at org.junit.runners.ParentRunner$1.schedule(ParentRunner.java:63)at org.junit.runners.ParentRunner.runChildren(ParentRunner.java:236)at org.junit.runners.ParentRunner.access$000(ParentRunner.java:53)at org.junit.runners.ParentRunner$2.evaluate(ParentRunner.java:229)at org.junit.runners.ParentRunner.run(ParentRunner.java:309)at org.apache.maven.surefire.junit4.JUnit4Provider.execute(JUnit4Provider.java:252)at org.apache.maven.surefire.junit4.JUnit4Provider.executeTestSet(JUnit4Provider.java:141)at org.apache.maven.surefire.junit4.JUnit4Provider.invoke(JUnit4Provider.java:112)at sun.reflect.NativeMethodAccessorImpl.invoke0(Native Method)at sun.reflect.NativeMethodAccessorImpl.invoke(NativeMethodAccessorImpl.java:57)at sun.reflect.DelegatingMethodAccessorImpl.invoke(DelegatingMethodAccessorImpl.java:43)at java.lang.reflect.Method.invoke(Method.java:606)at org.apache.maven.surefire.util.ReflectionUtils.invokeMethodWithArray(ReflectionUtils.java:189)at org.apache.maven.surefire.booter.ProviderFactory$ProviderProxy.invoke(ProviderFactory.java:165)at org.apache.maven.surefire.booter.ProviderFactory.invokeProvider(ProviderFactory.java:85)at org.apache.maven.surefire.booter.ForkedBooter.runSuitesInProcess(ForkedBooter.java:115)at org.apache.maven.surefire.booter.ForkedBooter.main(ForkedBooter.java:75)</pre></div></div></td>
<td></td></tr>
<tr class="a">
<td><img src="images/icon_success_sml.gif" alt="" /></td>
<td>test_Title_Validation[Iteration # 6 : exp: AOL Search; act: AOL Search]</td>
<td>0</td></tr>
<tr class="b">
<td><a href="#core.Title_Validation_E2E.SeleniumTest.test_Title_Validation[Iteration # 7 : exp: OOL Search; act: AOL Search]"><img src="images/icon_error_sml.gif" alt="" /></a></td>
<td><a href="#core.Title_Validation_E2E.SeleniumTest.test_Title_Validation[Iteration # 7 : exp: OOL Search; act: AOL Search]">test_Title_Validation[Iteration # 7 : exp: OOL Search; act: AOL Search]</a>
<div class="detailToggle" style="display:inline"><a href="javascript:toggleDisplay(&apos;core_Title_Validation_E2E_SeleniumTest_test_Title_Validation[Iteration # 7 : exp: OOL Search; act: AOL Search]&apos;);"><span style="display:inline;" id="core_Title_Validation_E2E_SeleniumTest_test_Title_Validation[Iteration # 7 : exp: OOL Search; act: AOL Search]off"> + </span><span style="display:none;" id="core_Title_Validation_E2E_SeleniumTest_test_Title_Validation[Iteration # 7 : exp: OOL Search; act: AOL Search]on"> - </span>[ Detail ]</a></div></td>
<td>0</td></tr>
<tr class="a">
<td></td>
<td>FAILED expected:&lt;[O]OL Search&gt; but was:&lt;[A]OL Search&gt;</td>
<td></td></tr>
<tr class="b">
<td></td>
<td>
<div id="core_Title_Validation_E2E_SeleniumTest_test_Title_Validation[Iteration # 7 : exp: OOL Search; act: AOL Search]error" style="display:none;">
<div>
<pre>org.junit.ComparisonFailure: FAILED expected:&lt;[O]OL Search&gt; but was:&lt;[A]OL Search&gt;at org.junit.Assert.assertEquals(Assert.java:115)at core.Title_Validation_E2E.SeleniumTest.test_Title_Validation(SeleniumTest.java:45)at sun.reflect.NativeMethodAccessorImpl.invoke0(Native Method)at sun.reflect.NativeMethodAccessorImpl.invoke(NativeMethodAccessorImpl.java:57)at sun.reflect.DelegatingMethodAccessorImpl.invoke(DelegatingMethodAccessorImpl.java:43)at java.lang.reflect.Method.invoke(Method.java:606)at org.junit.runners.model.FrameworkMethod$1.runReflectiveCall(FrameworkMethod.java:47)at org.junit.internal.runners.model.ReflectiveCallable.run(ReflectiveCallable.java:12)at org.junit.runners.model.FrameworkMethod.invokeExplosively(FrameworkMethod.java:44)at org.junit.internal.runners.statements.InvokeMethod.evaluate(InvokeMethod.java:17)at org.junit.runners.ParentRunner.runLeaf(ParentRunner.java:271)at org.junit.runners.BlockJUnit4ClassRunner.runChild(BlockJUnit4ClassRunner.java:70)at org.junit.runners.BlockJUnit4ClassRunner.runChild(BlockJUnit4ClassRunner.java:50)at org.junit.runners.ParentRunner$3.run(ParentRunner.java:238)at org.junit.runners.ParentRunner$1.schedule(ParentRunner.java:63)at org.junit.runners.ParentRunner.runChildren(ParentRunner.java:236)at org.junit.runners.ParentRunner.access$000(ParentRunner.java:53)at org.junit.runners.ParentRunner$2.evaluate(ParentRunner.java:229)at org.junit.runners.ParentRunner.run(ParentRunner.java:309)at org.junit.runners.Suite.runChild(Suite.java:127)at org.junit.runners.Suite.runChild(Suite.java:26)at org.junit.runners.ParentRunner$3.run(ParentRunner.java:238)at org.junit.runners.ParentRunner$1.schedule(ParentRunner.java:63)at org.junit.runners.ParentRunner.runChildren(ParentRunner.java:236)at org.junit.runners.ParentRunner.access$000(ParentRunner.java:53)at org.junit.runners.ParentRunner$2.evaluate(ParentRunner.java:229)at org.junit.internal.runners.statements.RunBefores.evaluate(RunBefores.java:26)at org.junit.runners.ParentRunner.run(ParentRunner.java:309)at org.junit.runners.Suite.runChild(Suite.java:127)at org.junit.runners.Suite.runChild(Suite.java:26)at org.junit.runners.ParentRunner$3.run(ParentRunner.java:238)at org.junit.runners.ParentRunner$1.schedule(ParentRunner.java:63)at org.junit.runners.ParentRunner.runChildren(ParentRunner.java:236)at org.junit.runners.ParentRunner.access$000(ParentRunner.java:53)at org.junit.runners.ParentRunner$2.evaluate(ParentRunner.java:229)at org.junit.runners.ParentRunner.run(ParentRunner.java:309)at org.apache.maven.surefire.junit4.JUnit4Provider.execute(JUnit4Provider.java:252)at org.apache.maven.surefire.junit4.JUnit4Provider.executeTestSet(JUnit4Provider.java:141)at org.apache.maven.surefire.junit4.JUnit4Provider.invoke(JUnit4Provider.java:112)at sun.reflect.NativeMethodAccessorImpl.invoke0(Native Method)at sun.reflect.NativeMethodAccessorImpl.invoke(NativeMethodAccessorImpl.java:57)at sun.reflect.DelegatingMethodAccessorImpl.invoke(DelegatingMethodAccessorImpl.java:43)at java.lang.reflect.Method.invoke(Method.java:606)at org.apache.maven.surefire.util.ReflectionUtils.invokeMethodWithArray(ReflectionUtils.java:189)at org.apache.maven.surefire.booter.ProviderFactory$ProviderProxy.invoke(ProviderFactory.java:165)at org.apache.maven.surefire.booter.ProviderFactory.invokeProvider(ProviderFactory.java:85)at org.apache.maven.surefire.booter.ForkedBooter.runSuitesInProcess(ForkedBooter.java:115)at org.apache.maven.surefire.booter.ForkedBooter.main(ForkedBooter.java:75)</pre></div></div></td>
<td></td></tr>
<tr class="a">
<td><img src="images/icon_success_sml.gif" alt="" /></td>
<td>test_Title_Validation[Iteration # 8 : exp: WOW.com; act: WOW.com]</td>
<td>0.001</td></tr>
<tr class="b">
<td><a href="#core.Title_Validation_E2E.SeleniumTest.test_Title_Validation[Iteration # 9 : exp: WAW.com; act: WOW.com]"><img src="images/icon_error_sml.gif" alt="" /></a></td>
<td><a href="#core.Title_Validation_E2E.SeleniumTest.test_Title_Validation[Iteration # 9 : exp: WAW.com; act: WOW.com]">test_Title_Validation[Iteration # 9 : exp: WAW.com; act: WOW.com]</a>
<div class="detailToggle" style="display:inline"><a href="javascript:toggleDisplay(&apos;core_Title_Validation_E2E_SeleniumTest_test_Title_Validation[Iteration # 9 : exp: WAW_com; act: WOW_com]&apos;);"><span style="display:inline;" id="core_Title_Validation_E2E_SeleniumTest_test_Title_Validation[Iteration # 9 : exp: WAW_com; act: WOW_com]off"> + </span><span style="display:none;" id="core_Title_Validation_E2E_SeleniumTest_test_Title_Validation[Iteration # 9 : exp: WAW_com; act: WOW_com]on"> - </span>[ Detail ]</a></div></td>
<td>0.001</td></tr>
<tr class="a">
<td></td>
<td>FAILED expected:&lt;W[A]W.com&gt; but was:&lt;W[O]W.com&gt;</td>
<td></td></tr>
<tr class="b">
<td></td>
<td>
<div id="core_Title_Validation_E2E_SeleniumTest_test_Title_Validation[Iteration # 9 : exp: WAW_com; act: WOW_com]error" style="display:none;">
<div>
<pre>org.junit.ComparisonFailure: FAILED expected:&lt;W[A]W.com&gt; but was:&lt;W[O]W.com&gt;at org.junit.Assert.assertEquals(Assert.java:115)at core.Title_Validation_E2E.SeleniumTest.test_Title_Validation(SeleniumTest.java:45)at sun.reflect.NativeMethodAccessorImpl.invoke0(Native Method)at sun.reflect.NativeMethodAccessorImpl.invoke(NativeMethodAccessorImpl.java:57)at sun.reflect.DelegatingMethodAccessorImpl.invoke(DelegatingMethodAccessorImpl.java:43)at java.lang.reflect.Method.invoke(Method.java:606)at org.junit.runners.model.FrameworkMethod$1.runReflectiveCall(FrameworkMethod.java:47)at org.junit.internal.runners.model.ReflectiveCallable.run(ReflectiveCallable.java:12)at org.junit.runners.model.FrameworkMethod.invokeExplosively(FrameworkMethod.java:44)at org.junit.internal.runners.statements.InvokeMethod.evaluate(InvokeMethod.java:17)at org.junit.runners.ParentRunner.runLeaf(ParentRunner.java:271)at org.junit.runners.BlockJUnit4ClassRunner.runChild(BlockJUnit4ClassRunner.java:70)at org.junit.runners.BlockJUnit4ClassRunner.runChild(BlockJUnit4ClassRunner.java:50)at org.junit.runners.ParentRunner$3.run(ParentRunner.java:238)at org.junit.runners.ParentRunner$1.schedule(ParentRunner.java:63)at org.junit.runners.ParentRunner.runChildren(ParentRunner.java:236)at org.junit.runners.ParentRunner.access$000(ParentRunner.java:53)at org.junit.runners.ParentRunner$2.evaluate(ParentRunner.java:229)at org.junit.runners.ParentRunner.run(ParentRunner.java:309)at org.junit.runners.Suite.runChild(Suite.java:127)at org.junit.runners.Suite.runChild(Suite.java:26)at org.junit.runners.ParentRunner$3.run(ParentRunner.java:238)at org.junit.runners.ParentRunner$1.schedule(ParentRunner.java:63)at org.junit.runners.ParentRunner.runChildren(ParentRunner.java:236)at org.junit.runners.ParentRunner.access$000(ParentRunner.java:53)at org.junit.runners.ParentRunner$2.evaluate(ParentRunner.java:229)at org.junit.internal.runners.statements.RunBefores.evaluate(RunBefores.java:26)at org.junit.runners.ParentRunner.run(ParentRunner.java:309)at org.junit.runners.Suite.runChild(Suite.java:127)at org.junit.runners.Suite.runChild(Suite.java:26)at org.junit.runners.ParentRunner$3.run(ParentRunner.java:238)at org.junit.runners.ParentRunner$1.schedule(ParentRunner.java:63)at org.junit.runners.ParentRunner.runChildren(ParentRunner.java:236)at org.junit.runners.ParentRunner.access$000(ParentRunner.java:53)at org.junit.runners.ParentRunner$2.evaluate(ParentRunner.java:229)at org.junit.runners.ParentRunner.run(ParentRunner.java:309)at org.apache.maven.surefire.junit4.JUnit4Provider.execute(JUnit4Provider.java:252)at org.apache.maven.surefire.junit4.JUnit4Provider.executeTestSet(JUnit4Provider.java:141)at org.apache.maven.surefire.junit4.JUnit4Provider.invoke(JUnit4Provider.java:112)at sun.reflect.NativeMethodAccessorImpl.invoke0(Native Method)at sun.reflect.NativeMethodAccessorImpl.invoke(NativeMethodAccessorImpl.java:57)at sun.reflect.DelegatingMethodAccessorImpl.invoke(DelegatingMethodAccessorImpl.java:43)at java.lang.reflect.Method.invoke(Method.java:606)at org.apache.maven.surefire.util.ReflectionUtils.invokeMethodWithArray(ReflectionUtils.java:189)at org.apache.maven.surefire.booter.ProviderFactory$ProviderProxy.invoke(ProviderFactory.java:165)at org.apache.maven.surefire.booter.ProviderFactory.invokeProvider(ProviderFactory.java:85)at org.apache.maven.surefire.booter.ForkedBooter.runSuitesInProcess(ForkedBooter.java:115)at org.apache.maven.surefire.booter.ForkedBooter.main(ForkedBooter.java:75)</pre></div></div></td>
<td></td></tr>
<tr class="a">
<td><a href="#core.Title_Validation_E2E.SeleniumTest.test_Title_Validation[Iteration # 10 : exp: Facebook; act: Welcome to Facebook - Log In, Sign Up or Learn More]"><img src="images/icon_error_sml.gif" alt="" /></a></td>
<td><a href="#core.Title_Validation_E2E.SeleniumTest.test_Title_Validation[Iteration # 10 : exp: Facebook; act: Welcome to Facebook - Log In, Sign Up or Learn More]">test_Title_Validation[Iteration # 10 : exp: Facebook; act: Welcome to Facebook - Log In, Sign Up or Learn More]</a>
<div class="detailToggle" style="display:inline"><a href="javascript:toggleDisplay(&apos;core_Title_Validation_E2E_SeleniumTest_test_Title_Validation[Iteration # 10 : exp: Facebook; act: Welcome to Facebook - Log In, Sign Up or Learn More]&apos;);"><span style="display:inline;" id="core_Title_Validation_E2E_SeleniumTest_test_Title_Validation[Iteration # 10 : exp: Facebook; act: Welcome to Facebook - Log In, Sign Up or Learn More]off"> + </span><span style="display:none;" id="core_Title_Validation_E2E_SeleniumTest_test_Title_Validation[Iteration # 10 : exp: Facebook; act: Welcome to Facebook - Log In, Sign Up or Learn More]on"> - </span>[ Detail ]</a></div></td>
<td>0.001</td></tr>
<tr class="b">
<td></td>
<td>FAILED expected:&lt;[Facebook]&gt; but was:&lt;[Welcome to Facebook - Log In, Sign Up or Learn More]&gt;</td>
<td></td></tr>
<tr class="a">
<td></td>
<td>
<div id="core_Title_Validation_E2E_SeleniumTest_test_Title_Validation[Iteration # 10 : exp: Facebook; act: Welcome to Facebook - Log In, Sign Up or Learn More]error" style="display:none;">
<div>
<pre>org.junit.ComparisonFailure: FAILED expected:&lt;[Facebook]&gt; but was:&lt;[Welcome to Facebook - Log In, Sign Up or Learn More]&gt;at org.junit.Assert.assertEquals(Assert.java:115)at core.Title_Validation_E2E.SeleniumTest.test_Title_Validation(SeleniumTest.java:45)at sun.reflect.NativeMethodAccessorImpl.invoke0(Native Method)at sun.reflect.NativeMethodAccessorImpl.invoke(NativeMethodAccessorImpl.java:57)at sun.reflect.DelegatingMethodAccessorImpl.invoke(DelegatingMethodAccessorImpl.java:43)at java.lang.reflect.Method.invoke(Method.java:606)at org.junit.runners.model.FrameworkMethod$1.runReflectiveCall(FrameworkMethod.java:47)at org.junit.internal.runners.model.ReflectiveCallable.run(ReflectiveCallable.java:12)at org.junit.runners.model.FrameworkMethod.invokeExplosively(FrameworkMethod.java:44)at org.junit.internal.runners.statements.InvokeMethod.evaluate(InvokeMethod.java:17)at org.junit.runners.ParentRunner.runLeaf(ParentRunner.java:271)at org.junit.runners.BlockJUnit4ClassRunner.runChild(BlockJUnit4ClassRunner.java:70)at org.junit.runners.BlockJUnit4ClassRunner.runChild(BlockJUnit4ClassRunner.java:50)at org.junit.runners.ParentRunner$3.run(ParentRunner.java:238)at org.junit.runners.ParentRunner$1.schedule(ParentRunner.java:63)at org.junit.runners.ParentRunner.runChildren(ParentRunner.java:236)at org.junit.runners.ParentRunner.access$000(ParentRunner.java:53)at org.junit.runners.ParentRunner$2.evaluate(ParentRunner.java:229)at org.junit.runners.ParentRunner.run(ParentRunner.java:309)at org.junit.runners.Suite.runChild(Suite.java:127)at org.junit.runners.Suite.runChild(Suite.java:26)at org.junit.runners.ParentRunner$3.run(ParentRunner.java:238)at org.junit.runners.ParentRunner$1.schedule(ParentRunner.java:63)at org.junit.runners.ParentRunner.runChildren(ParentRunner.java:236)at org.junit.runners.ParentRunner.access$000(ParentRunner.java:53)at org.junit.runners.ParentRunner$2.evaluate(ParentRunner.java:229)at org.junit.internal.runners.statements.RunBefores.evaluate(RunBefores.java:26)at org.junit.runners.ParentRunner.run(ParentRunner.java:309)at org.junit.runners.Suite.runChild(Suite.java:127)at org.junit.runners.Suite.runChild(Suite.java:26)at org.junit.runners.ParentRunner$3.run(ParentRunner.java:238)at org.junit.runners.ParentRunner$1.schedule(ParentRunner.java:63)at org.junit.runners.ParentRunner.runChildren(ParentRunner.java:236)at org.junit.runners.ParentRunner.access$000(ParentRunner.java:53)at org.junit.runners.ParentRunner$2.evaluate(ParentRunner.java:229)at org.junit.runners.ParentRunner.run(ParentRunner.java:309)at org.apache.maven.surefire.junit4.JUnit4Provider.execute(JUnit4Provider.java:252)at org.apache.maven.surefire.junit4.JUnit4Provider.executeTestSet(JUnit4Provider.java:141)at org.apache.maven.surefire.junit4.JUnit4Provider.invoke(JUnit4Provider.java:112)at sun.reflect.NativeMethodAccessorImpl.invoke0(Native Method)at sun.reflect.NativeMethodAccessorImpl.invoke(NativeMethodAccessorImpl.java:57)at sun.reflect.DelegatingMethodAccessorImpl.invoke(DelegatingMethodAccessorImpl.java:43)at java.lang.reflect.Method.invoke(Method.java:606)at org.apache.maven.surefire.util.ReflectionUtils.invokeMethodWithArray(ReflectionUtils.java:189)at org.apache.maven.surefire.booter.ProviderFactory$ProviderProxy.invoke(ProviderFactory.java:165)at org.apache.maven.surefire.booter.ProviderFactory.invokeProvider(ProviderFactory.java:85)at org.apache.maven.surefire.booter.ForkedBooter.runSuitesInProcess(ForkedBooter.java:115)at org.apache.maven.surefire.booter.ForkedBooter.main(ForkedBooter.java:75)</pre></div></div></td>
<td></td></tr>
<tr class="b">
<td><a href="#core.Title_Validation_E2E.SeleniumTest.test_Title_Validation[Iteration # 11 : exp: Fockbook; act: Welcome to Facebook - Log In, Sign Up or Learn More]"><img src="images/icon_error_sml.gif" alt="" /></a></td>
<td><a href="#core.Title_Validation_E2E.SeleniumTest.test_Title_Validation[Iteration # 11 : exp: Fockbook; act: Welcome to Facebook - Log In, Sign Up or Learn More]">test_Title_Validation[Iteration # 11 : exp: Fockbook; act: Welcome to Facebook - Log In, Sign Up or Learn More]</a>
<div class="detailToggle" style="display:inline"><a href="javascript:toggleDisplay(&apos;core_Title_Validation_E2E_SeleniumTest_test_Title_Validation[Iteration # 11 : exp: Fockbook; act: Welcome to Facebook - Log In, Sign Up or Learn More]&apos;);"><span style="display:inline;" id="core_Title_Validation_E2E_SeleniumTest_test_Title_Validation[Iteration # 11 : exp: Fockbook; act: Welcome to Facebook - Log In, Sign Up or Learn More]off"> + </span><span style="display:none;" id="core_Title_Validation_E2E_SeleniumTest_test_Title_Validation[Iteration # 11 : exp: Fockbook; act: Welcome to Facebook - Log In, Sign Up or Learn More]on"> - </span>[ Detail ]</a></div></td>
<td>0.009</td></tr>
<tr class="a">
<td></td>
<td>FAILED expected:&lt;[Fockbook]&gt; but was:&lt;[Welcome to Facebook - Log In, Sign Up or Learn More]&gt;</td>
<td></td></tr>
<tr class="b">
<td></td>
<td>
<div id="core_Title_Validation_E2E_SeleniumTest_test_Title_Validation[Iteration # 11 : exp: Fockbook; act: Welcome to Facebook - Log In, Sign Up or Learn More]error" style="display:none;">
<div>
<pre>org.junit.ComparisonFailure: FAILED expected:&lt;[Fockbook]&gt; but was:&lt;[Welcome to Facebook - Log In, Sign Up or Learn More]&gt;at org.junit.Assert.assertEquals(Assert.java:115)at core.Title_Validation_E2E.SeleniumTest.test_Title_Validation(SeleniumTest.java:45)at sun.reflect.NativeMethodAccessorImpl.invoke0(Native Method)at sun.reflect.NativeMethodAccessorImpl.invoke(NativeMethodAccessorImpl.java:57)at sun.reflect.DelegatingMethodAccessorImpl.invoke(DelegatingMethodAccessorImpl.java:43)at java.lang.reflect.Method.invoke(Method.java:606)at org.junit.runners.model.FrameworkMethod$1.runReflectiveCall(FrameworkMethod.java:47)at org.junit.internal.runners.model.ReflectiveCallable.run(ReflectiveCallable.java:12)at org.junit.runners.model.FrameworkMethod.invokeExplosively(FrameworkMethod.java:44)at org.junit.internal.runners.statements.InvokeMethod.evaluate(InvokeMethod.java:17)at org.junit.runners.ParentRunner.runLeaf(ParentRunner.java:271)at org.junit.runners.BlockJUnit4ClassRunner.runChild(BlockJUnit4ClassRunner.java:70)at org.junit.runners.BlockJUnit4ClassRunner.runChild(BlockJUnit4ClassRunner.java:50)at org.junit.runners.ParentRunner$3.run(ParentRunner.java:238)at org.junit.runners.ParentRunner$1.schedule(ParentRunner.java:63)at org.junit.runners.ParentRunner.runChildren(ParentRunner.java:236)at org.junit.runners.ParentRunner.access$000(ParentRunner.java:53)at org.junit.runners.ParentRunner$2.evaluate(ParentRunner.java:229)at org.junit.runners.ParentRunner.run(ParentRunner.java:309)at org.junit.runners.Suite.runChild(Suite.java:127)at org.junit.runners.Suite.runChild(Suite.java:26)at org.junit.runners.ParentRunner$3.run(ParentRunner.java:238)at org.junit.runners.ParentRunner$1.schedule(ParentRunner.java:63)at org.junit.runners.ParentRunner.runChildren(ParentRunner.java:236)at org.junit.runners.ParentRunner.access$000(ParentRunner.java:53)at org.junit.runners.ParentRunner$2.evaluate(ParentRunner.java:229)at org.junit.internal.runners.statements.RunBefores.evaluate(RunBefores.java:26)at org.junit.runners.ParentRunner.run(ParentRunner.java:309)at org.junit.runners.Suite.runChild(Suite.java:127)at org.junit.runners.Suite.runChild(Suite.java:26)at org.junit.runners.ParentRunner$3.run(ParentRunner.java:238)at org.junit.runners.ParentRunner$1.schedule(ParentRunner.java:63)at org.junit.runners.ParentRunner.runChildren(ParentRunner.java:236)at org.junit.runners.ParentRunner.access$000(ParentRunner.java:53)at org.junit.runners.ParentRunner$2.evaluate(ParentRunner.java:229)at org.junit.runners.ParentRunner.run(ParentRunner.java:309)at org.apache.maven.surefire.junit4.JUnit4Provider.execute(JUnit4Provider.java:252)at org.apache.maven.surefire.junit4.JUnit4Provider.executeTestSet(JUnit4Provider.java:141)at org.apache.maven.surefire.junit4.JUnit4Provider.invoke(JUnit4Provider.java:112)at sun.reflect.NativeMethodAccessorImpl.invoke0(Native Method)at sun.reflect.NativeMethodAccessorImpl.invoke(NativeMethodAccessorImpl.java:57)at sun.reflect.DelegatingMethodAccessorImpl.invoke(DelegatingMethodAccessorImpl.java:43)at java.lang.reflect.Method.invoke(Method.java:606)at org.apache.maven.surefire.util.ReflectionUtils.invokeMethodWithArray(ReflectionUtils.java:189)at org.apache.maven.surefire.booter.ProviderFactory$ProviderProxy.invoke(ProviderFactory.java:165)at org.apache.maven.surefire.booter.ProviderFactory.invokeProvider(ProviderFactory.java:85)at org.apache.maven.surefire.booter.ForkedBooter.runSuitesInProcess(ForkedBooter.java:115)at org.apache.maven.surefire.booter.ForkedBooter.main(ForkedBooter.java:75)</pre></div></div></td>
<td></td></tr>
<tr class="a">
<td><img src="images/icon_success_sml.gif" alt="" /></td>
<td>test_Title_Validation[Iteration # 12 : exp: MyWebSearch Home Page; act: MyWebSearch Home Page]</td>
<td>0</td></tr>
<tr class="b">
<td><a href="#core.Title_Validation_E2E.SeleniumTest.test_Title_Validation[Iteration # 13 : exp: NotMyWebSearch Home Page; act: MyWebSearch Home Page]"><img src="images/icon_error_sml.gif" alt="" /></a></td>
<td><a href="#core.Title_Validation_E2E.SeleniumTest.test_Title_Validation[Iteration # 13 : exp: NotMyWebSearch Home Page; act: MyWebSearch Home Page]">test_Title_Validation[Iteration # 13 : exp: NotMyWebSearch Home Page; act: MyWebSearch Home Page]</a>
<div class="detailToggle" style="display:inline"><a href="javascript:toggleDisplay(&apos;core_Title_Validation_E2E_SeleniumTest_test_Title_Validation[Iteration # 13 : exp: NotMyWebSearch Home Page; act: MyWebSearch Home Page]&apos;);"><span style="display:inline;" id="core_Title_Validation_E2E_SeleniumTest_test_Title_Validation[Iteration # 13 : exp: NotMyWebSearch Home Page; act: MyWebSearch Home Page]off"> + </span><span style="display:none;" id="core_Title_Validation_E2E_SeleniumTest_test_Title_Validation[Iteration # 13 : exp: NotMyWebSearch Home Page; act: MyWebSearch Home Page]on"> - </span>[ Detail ]</a></div></td>
<td>0.001</td></tr>
<tr class="a">
<td></td>
<td>FAILED expected:&lt;[Not]MyWebSearch Home Pag...&gt; but was:&lt;[]MyWebSearch Home Pag...&gt;</td>
<td></td></tr>
<tr class="b">
<td></td>
<td>
<div id="core_Title_Validation_E2E_SeleniumTest_test_Title_Validation[Iteration # 13 : exp: NotMyWebSearch Home Page; act: MyWebSearch Home Page]error" style="display:none;">
<div>
<pre>org.junit.ComparisonFailure: FAILED expected:&lt;[Not]MyWebSearch Home Pag...&gt; but was:&lt;[]MyWebSearch Home Pag...&gt;at org.junit.Assert.assertEquals(Assert.java:115)at core.Title_Validation_E2E.SeleniumTest.test_Title_Validation(SeleniumTest.java:45)at sun.reflect.NativeMethodAccessorImpl.invoke0(Native Method)at sun.reflect.NativeMethodAccessorImpl.invoke(NativeMethodAccessorImpl.java:57)at sun.reflect.DelegatingMethodAccessorImpl.invoke(DelegatingMethodAccessorImpl.java:43)at java.lang.reflect.Method.invoke(Method.java:606)at org.junit.runners.model.FrameworkMethod$1.runReflectiveCall(FrameworkMethod.java:47)at org.junit.internal.runners.model.ReflectiveCallable.run(ReflectiveCallable.java:12)at org.junit.runners.model.FrameworkMethod.invokeExplosively(FrameworkMethod.java:44)at org.junit.internal.runners.statements.InvokeMethod.evaluate(InvokeMethod.java:17)at org.junit.runners.ParentRunner.runLeaf(ParentRunner.java:271)at org.junit.runners.BlockJUnit4ClassRunner.runChild(BlockJUnit4ClassRunner.java:70)at org.junit.runners.BlockJUnit4ClassRunner.runChild(BlockJUnit4ClassRunner.java:50)at org.junit.runners.ParentRunner$3.run(ParentRunner.java:238)at org.junit.runners.ParentRunner$1.schedule(ParentRunner.java:63)at org.junit.runners.ParentRunner.runChildren(ParentRunner.java:236)at org.junit.runners.ParentRunner.access$000(ParentRunner.java:53)at org.junit.runners.ParentRunner$2.evaluate(ParentRunner.java:229)at org.junit.runners.ParentRunner.run(ParentRunner.java:309)at org.junit.runners.Suite.runChild(Suite.java:127)at org.junit.runners.Suite.runChild(Suite.java:26)at org.junit.runners.ParentRunner$3.run(ParentRunner.java:238)at org.junit.runners.ParentRunner$1.schedule(ParentRunner.java:63)at org.junit.runners.ParentRunner.runChildren(ParentRunner.java:236)at org.junit.runners.ParentRunner.access$000(ParentRunner.java:53)at org.junit.runners.ParentRunner$2.evaluate(ParentRunner.java:229)at org.junit.internal.runners.statements.RunBefores.evaluate(RunBefores.java:26)at org.junit.runners.ParentRunner.run(ParentRunner.java:309)at org.junit.runners.Suite.runChild(Suite.java:127)at org.junit.runners.Suite.runChild(Suite.java:26)at org.junit.runners.ParentRunner$3.run(ParentRunner.java:238)at org.junit.runners.ParentRunner$1.schedule(ParentRunner.java:63)at org.junit.runners.ParentRunner.runChildren(ParentRunner.java:236)at org.junit.runners.ParentRunner.access$000(ParentRunner.java:53)at org.junit.runners.ParentRunner$2.evaluate(ParentRunner.java:229)at org.junit.runners.ParentRunner.run(ParentRunner.java:309)at org.apache.maven.surefire.junit4.JUnit4Provider.execute(JUnit4Provider.java:252)at org.apache.maven.surefire.junit4.JUnit4Provider.executeTestSet(JUnit4Provider.java:141)at org.apache.maven.surefire.junit4.JUnit4Provider.invoke(JUnit4Provider.java:112)at sun.reflect.NativeMethodAccessorImpl.invoke0(Native Method)at sun.reflect.NativeMethodAccessorImpl.invoke(NativeMethodAccessorImpl.java:57)at sun.reflect.DelegatingMethodAccessorImpl.invoke(DelegatingMethodAccessorImpl.java:43)at java.lang.reflect.Method.invoke(Method.java:606)at org.apache.maven.surefire.util.ReflectionUtils.invokeMethodWithArray(ReflectionUtils.java:189)at org.apache.maven.surefire.booter.ProviderFactory$ProviderProxy.invoke(ProviderFactory.java:165)at org.apache.maven.surefire.booter.ProviderFactory.invokeProvider(ProviderFactory.java:85)at org.apache.maven.surefire.booter.ForkedBooter.runSuitesInProcess(ForkedBooter.java:115)at org.apache.maven.surefire.booter.ForkedBooter.main(ForkedBooter.java:75)</pre></div></div></td>
<td></td></tr>
<tr class="a">
<td><img src="images/icon_success_sml.gif" alt="" /></td>
<td>test_Title_Validation[Iteration # 14 : exp: InfoSpace; act: InfoSpace]</td>
<td>0</td></tr>
<tr class="b">
<td><a href="#core.Title_Validation_E2E.SeleniumTest.test_Title_Validation[Iteration # 15 : exp: InfooSpace; act: InfoSpace]"><img src="images/icon_error_sml.gif" alt="" /></a></td>
<td><a href="#core.Title_Validation_E2E.SeleniumTest.test_Title_Validation[Iteration # 15 : exp: InfooSpace; act: InfoSpace]">test_Title_Validation[Iteration # 15 : exp: InfooSpace; act: InfoSpace]</a>
<div class="detailToggle" style="display:inline"><a href="javascript:toggleDisplay(&apos;core_Title_Validation_E2E_SeleniumTest_test_Title_Validation[Iteration # 15 : exp: InfooSpace; act: InfoSpace]&apos;);"><span style="display:inline;" id="core_Title_Validation_E2E_SeleniumTest_test_Title_Validation[Iteration # 15 : exp: InfooSpace; act: InfoSpace]off"> + </span><span style="display:none;" id="core_Title_Validation_E2E_SeleniumTest_test_Title_Validation[Iteration # 15 : exp: InfooSpace; act: InfoSpace]on"> - </span>[ Detail ]</a></div></td>
<td>0.001</td></tr>
<tr class="a">
<td></td>
<td>FAILED expected:&lt;Info[o]Space&gt; but was:&lt;Info[]Space&gt;</td>
<td></td></tr>
<tr class="b">
<td></td>
<td>
<div id="core_Title_Validation_E2E_SeleniumTest_test_Title_Validation[Iteration # 15 : exp: InfooSpace; act: InfoSpace]error" style="display:none;">
<div>
<pre>org.junit.ComparisonFailure: FAILED expected:&lt;Info[o]Space&gt; but was:&lt;Info[]Space&gt;at org.junit.Assert.assertEquals(Assert.java:115)at core.Title_Validation_E2E.SeleniumTest.test_Title_Validation(SeleniumTest.java:45)at sun.reflect.NativeMethodAccessorImpl.invoke0(Native Method)at sun.reflect.NativeMethodAccessorImpl.invoke(NativeMethodAccessorImpl.java:57)at sun.reflect.DelegatingMethodAccessorImpl.invoke(DelegatingMethodAccessorImpl.java:43)at java.lang.reflect.Method.invoke(Method.java:606)at org.junit.runners.model.FrameworkMethod$1.runReflectiveCall(FrameworkMethod.java:47)at org.junit.internal.runners.model.ReflectiveCallable.run(ReflectiveCallable.java:12)at org.junit.runners.model.FrameworkMethod.invokeExplosively(FrameworkMethod.java:44)at org.junit.internal.runners.statements.InvokeMethod.evaluate(InvokeMethod.java:17)at org.junit.runners.ParentRunner.runLeaf(ParentRunner.java:271)at org.junit.runners.BlockJUnit4ClassRunner.runChild(BlockJUnit4ClassRunner.java:70)at org.junit.runners.BlockJUnit4ClassRunner.runChild(BlockJUnit4ClassRunner.java:50)at org.junit.runners.ParentRunner$3.run(ParentRunner.java:238)at org.junit.runners.ParentRunner$1.schedule(ParentRunner.java:63)at org.junit.runners.ParentRunner.runChildren(ParentRunner.java:236)at org.junit.runners.ParentRunner.access$000(ParentRunner.java:53)at org.junit.runners.ParentRunner$2.evaluate(ParentRunner.java:229)at org.junit.runners.ParentRunner.run(ParentRunner.java:309)at org.junit.runners.Suite.runChild(Suite.java:127)at org.junit.runners.Suite.runChild(Suite.java:26)at org.junit.runners.ParentRunner$3.run(ParentRunner.java:238)at org.junit.runners.ParentRunner$1.schedule(ParentRunner.java:63)at org.junit.runners.ParentRunner.runChildren(ParentRunner.java:236)at org.junit.runners.ParentRunner.access$000(ParentRunner.java:53)at org.junit.runners.ParentRunner$2.evaluate(ParentRunner.java:229)at org.junit.internal.runners.statements.RunBefores.evaluate(RunBefores.java:26)at org.junit.runners.ParentRunner.run(ParentRunner.java:309)at org.junit.runners.Suite.runChild(Suite.java:127)at org.junit.runners.Suite.runChild(Suite.java:26)at org.junit.runners.ParentRunner$3.run(ParentRunner.java:238)at org.junit.runners.ParentRunner$1.schedule(ParentRunner.java:63)at org.junit.runners.ParentRunner.runChildren(ParentRunner.java:236)at org.junit.runners.ParentRunner.access$000(ParentRunner.java:53)at org.junit.runners.ParentRunner$2.evaluate(ParentRunner.java:229)at org.junit.runners.ParentRunner.run(ParentRunner.java:309)at org.apache.maven.surefire.junit4.JUnit4Provider.execute(JUnit4Provider.java:252)at org.apache.maven.surefire.junit4.JUnit4Provider.executeTestSet(JUnit4Provider.java:141)at org.apache.maven.surefire.junit4.JUnit4Provider.invoke(JUnit4Provider.java:112)at sun.reflect.NativeMethodAccessorImpl.invoke0(Native Method)at sun.reflect.NativeMethodAccessorImpl.invoke(NativeMethodAccessorImpl.java:57)at sun.reflect.DelegatingMethodAccessorImpl.invoke(DelegatingMethodAccessorImpl.java:43)at java.lang.reflect.Method.invoke(Method.java:606)at org.apache.maven.surefire.util.ReflectionUtils.invokeMethodWithArray(ReflectionUtils.java:189)at org.apache.maven.surefire.booter.ProviderFactory$ProviderProxy.invoke(ProviderFactory.java:165)at org.apache.maven.surefire.booter.ProviderFactory.invokeProvider(ProviderFactory.java:85)at org.apache.maven.surefire.booter.ForkedBooter.runSuitesInProcess(ForkedBooter.java:115)at org.apache.maven.surefire.booter.ForkedBooter.main(ForkedBooter.java:75)</pre></div></div></td>
<td></td></tr>
<tr class="a">
<td><img src="images/icon_success_sml.gif" alt="" /></td>
<td>test_Title_Validation[Iteration # 16 : exp: Dogpile Web Search; act: Dogpile Web Search]</td>
<td>0</td></tr>
<tr class="b">
<td><a href="#core.Title_Validation_E2E.SeleniumTest.test_Title_Validation[Iteration # 17 : exp: Dagpile Web Search; act: Dogpile Web Search]"><img src="images/icon_error_sml.gif" alt="" /></a></td>
<td><a href="#core.Title_Validation_E2E.SeleniumTest.test_Title_Validation[Iteration # 17 : exp: Dagpile Web Search; act: Dogpile Web Search]">test_Title_Validation[Iteration # 17 : exp: Dagpile Web Search; act: Dogpile Web Search]</a>
<div class="detailToggle" style="display:inline"><a href="javascript:toggleDisplay(&apos;core_Title_Validation_E2E_SeleniumTest_test_Title_Validation[Iteration # 17 : exp: Dagpile Web Search; act: Dogpile Web Search]&apos;);"><span style="display:inline;" id="core_Title_Validation_E2E_SeleniumTest_test_Title_Validation[Iteration # 17 : exp: Dagpile Web Search; act: Dogpile Web Search]off"> + </span><span style="display:none;" id="core_Title_Validation_E2E_SeleniumTest_test_Title_Validation[Iteration # 17 : exp: Dagpile Web Search; act: Dogpile Web Search]on"> - </span>[ Detail ]</a></div></td>
<td>0.003</td></tr>
<tr class="a">
<td></td>
<td>FAILED expected:&lt;D[a]gpile Web Search&gt; but was:&lt;D[o]gpile Web Search&gt;</td>
<td></td></tr>
<tr class="b">
<td></td>
<td>
<div id="core_Title_Validation_E2E_SeleniumTest_test_Title_Validation[Iteration # 17 : exp: Dagpile Web Search; act: Dogpile Web Search]error" style="display:none;">
<div>
<pre>org.junit.ComparisonFailure: FAILED expected:&lt;D[a]gpile Web Search&gt; but was:&lt;D[o]gpile Web Search&gt;at org.junit.Assert.assertEquals(Assert.java:115)at core.Title_Validation_E2E.SeleniumTest.test_Title_Validation(SeleniumTest.java:45)at sun.reflect.GeneratedMethodAccessor5.invoke(Unknown Source)at sun.reflect.DelegatingMethodAccessorImpl.invoke(DelegatingMethodAccessorImpl.java:43)at java.lang.reflect.Method.invoke(Method.java:606)at org.junit.runners.model.FrameworkMethod$1.runReflectiveCall(FrameworkMethod.java:47)at org.junit.internal.runners.model.ReflectiveCallable.run(ReflectiveCallable.java:12)at org.junit.runners.model.FrameworkMethod.invokeExplosively(FrameworkMethod.java:44)at org.junit.internal.runners.statements.InvokeMethod.evaluate(InvokeMethod.java:17)at org.junit.runners.ParentRunner.runLeaf(ParentRunner.java:271)at org.junit.runners.BlockJUnit4ClassRunner.runChild(BlockJUnit4ClassRunner.java:70)at org.junit.runners.BlockJUnit4ClassRunner.runChild(BlockJUnit4ClassRunner.java:50)at org.junit.runners.ParentRunner$3.run(ParentRunner.java:238)at org.junit.runners.ParentRunner$1.schedule(ParentRunner.java:63)at org.junit.runners.ParentRunner.runChildren(ParentRunner.java:236)at org.junit.runners.ParentRunner.access$000(ParentRunner.java:53)at org.junit.runners.ParentRunner$2.evaluate(ParentRunner.java:229)at org.junit.runners.ParentRunner.run(ParentRunner.java:309)at org.junit.runners.Suite.runChild(Suite.java:127)at org.junit.runners.Suite.runChild(Suite.java:26)at org.junit.runners.ParentRunner$3.run(ParentRunner.java:238)at org.junit.runners.ParentRunner$1.schedule(ParentRunner.java:63)at org.junit.runners.ParentRunner.runChildren(ParentRunner.java:236)at org.junit.runners.ParentRunner.access$000(ParentRunner.java:53)at org.junit.runners.ParentRunner$2.evaluate(ParentRunner.java:229)at org.junit.internal.runners.statements.RunBefores.evaluate(RunBefores.java:26)at org.junit.runners.ParentRunner.run(ParentRunner.java:309)at org.junit.runners.Suite.runChild(Suite.java:127)at org.junit.runners.Suite.runChild(Suite.java:26)at org.junit.runners.ParentRunner$3.run(ParentRunner.java:238)at org.junit.runners.ParentRunner$1.schedule(ParentRunner.java:63)at org.junit.runners.ParentRunner.runChildren(ParentRunner.java:236)at org.junit.runners.ParentRunner.access$000(ParentRunner.java:53)at org.junit.runners.ParentRunner$2.evaluate(ParentRunner.java:229)at org.junit.runners.ParentRunner.run(ParentRunner.java:309)at org.apache.maven.surefire.junit4.JUnit4Provider.execute(JUnit4Provider.java:252)at org.apache.maven.surefire.junit4.JUnit4Provider.executeTestSet(JUnit4Provider.java:141)at org.apache.maven.surefire.junit4.JUnit4Provider.invoke(JUnit4Provider.java:112)at sun.reflect.NativeMethodAccessorImpl.invoke0(Native Method)at sun.reflect.NativeMethodAccessorImpl.invoke(NativeMethodAccessorImpl.java:57)at sun.reflect.DelegatingMethodAccessorImpl.invoke(DelegatingMethodAccessorImpl.java:43)at java.lang.reflect.Method.invoke(Method.java:606)at org.apache.maven.surefire.util.ReflectionUtils.invokeMethodWithArray(ReflectionUtils.java:189)at org.apache.maven.surefire.booter.ProviderFactory$ProviderProxy.invoke(ProviderFactory.java:165)at org.apache.maven.surefire.booter.ProviderFactory.invokeProvider(ProviderFactory.java:85)at org.apache.maven.surefire.booter.ForkedBooter.runSuitesInProcess(ForkedBooter.java:115)at org.apache.maven.surefire.booter.ForkedBooter.main(ForkedBooter.java:75)</pre></div></div></td>
<td></td></tr>
<tr class="a">
<td><img src="images/icon_success_sml.gif" alt="" /></td>
<td>test_Title_Validation[Iteration # 18 : exp: Contenko - A faster way to search; act: Contenko - A faster way to search]</td>
<td>0</td></tr>
<tr class="b">
<td><a href="#core.Title_Validation_E2E.SeleniumTest.test_Title_Validation[Iteration # 19 : exp: Contenko - A foster woy to search; act: Contenko - A faster way to search]"><img src="images/icon_error_sml.gif" alt="" /></a></td>
<td><a href="#core.Title_Validation_E2E.SeleniumTest.test_Title_Validation[Iteration # 19 : exp: Contenko - A foster woy to search; act: Contenko - A faster way to search]">test_Title_Validation[Iteration # 19 : exp: Contenko - A foster woy to search; act: Contenko - A faster way to search]</a>
<div class="detailToggle" style="display:inline"><a href="javascript:toggleDisplay(&apos;core_Title_Validation_E2E_SeleniumTest_test_Title_Validation[Iteration # 19 : exp: Contenko - A foster woy to search; act: Contenko - A faster way to search]&apos;);"><span style="display:inline;" id="core_Title_Validation_E2E_SeleniumTest_test_Title_Validation[Iteration # 19 : exp: Contenko - A foster woy to search; act: Contenko - A faster way to search]off"> + </span><span style="display:none;" id="core_Title_Validation_E2E_SeleniumTest_test_Title_Validation[Iteration # 19 : exp: Contenko - A foster woy to search; act: Contenko - A faster way to search]on"> - </span>[ Detail ]</a></div></td>
<td>0</td></tr>
<tr class="a">
<td></td>
<td>FAILED expected:&lt;Contenko - A f[oster wo]y to search&gt; but was:&lt;Contenko - A f[aster wa]y to search&gt;</td>
<td></td></tr>
<tr class="b">
<td></td>
<td>
<div id="core_Title_Validation_E2E_SeleniumTest_test_Title_Validation[Iteration # 19 : exp: Contenko - A foster woy to search; act: Contenko - A faster way to search]error" style="display:none;">
<div>
<pre>org.junit.ComparisonFailure: FAILED expected:&lt;Contenko - A f[oster wo]y to search&gt; but was:&lt;Contenko - A f[aster wa]y to search&gt;at org.junit.Assert.assertEquals(Assert.java:115)at core.Title_Validation_E2E.SeleniumTest.test_Title_Validation(SeleniumTest.java:45)at sun.reflect.GeneratedMethodAccessor5.invoke(Unknown Source)at sun.reflect.DelegatingMethodAccessorImpl.invoke(DelegatingMethodAccessorImpl.java:43)at java.lang.reflect.Method.invoke(Method.java:606)at org.junit.runners.model.FrameworkMethod$1.runReflectiveCall(FrameworkMethod.java:47)at org.junit.internal.runners.model.ReflectiveCallable.run(ReflectiveCallable.java:12)at org.junit.runners.model.FrameworkMethod.invokeExplosively(FrameworkMethod.java:44)at org.junit.internal.runners.statements.InvokeMethod.evaluate(InvokeMethod.java:17)at org.junit.runners.ParentRunner.runLeaf(ParentRunner.java:271)at org.junit.runners.BlockJUnit4ClassRunner.runChild(BlockJUnit4ClassRunner.java:70)at org.junit.runners.BlockJUnit4ClassRunner.runChild(BlockJUnit4ClassRunner.java:50)at org.junit.runners.ParentRunner$3.run(ParentRunner.java:238)at org.junit.runners.ParentRunner$1.schedule(ParentRunner.java:63)at org.junit.runners.ParentRunner.runChildren(ParentRunner.java:236)at org.junit.runners.ParentRunner.access$000(ParentRunner.java:53)at org.junit.runners.ParentRunner$2.evaluate(ParentRunner.java:229)at org.junit.runners.ParentRunner.run(ParentRunner.java:309)at org.junit.runners.Suite.runChild(Suite.java:127)at org.junit.runners.Suite.runChild(Suite.java:26)at org.junit.runners.ParentRunner$3.run(ParentRunner.java:238)at org.junit.runners.ParentRunner$1.schedule(ParentRunner.java:63)at org.junit.runners.ParentRunner.runChildren(ParentRunner.java:236)at org.junit.runners.ParentRunner.access$000(ParentRunner.java:53)at org.junit.runners.ParentRunner$2.evaluate(ParentRunner.java:229)at org.junit.internal.runners.statements.RunBefores.evaluate(RunBefores.java:26)at org.junit.runners.ParentRunner.run(ParentRunner.java:309)at org.junit.runners.Suite.runChild(Suite.java:127)at org.junit.runners.Suite.runChild(Suite.java:26)at org.junit.runners.ParentRunner$3.run(ParentRunner.java:238)at org.junit.runners.ParentRunner$1.schedule(ParentRunner.java:63)at org.junit.runners.ParentRunner.runChildren(ParentRunner.java:236)at org.junit.runners.ParentRunner.access$000(ParentRunner.java:53)at org.junit.runners.ParentRunner$2.evaluate(ParentRunner.java:229)at org.junit.runners.ParentRunner.run(ParentRunner.java:309)at org.apache.maven.surefire.junit4.JUnit4Provider.execute(JUnit4Provider.java:252)at org.apache.maven.surefire.junit4.JUnit4Provider.executeTestSet(JUnit4Provider.java:141)at org.apache.maven.surefire.junit4.JUnit4Provider.invoke(JUnit4Provider.java:112)at sun.reflect.NativeMethodAccessorImpl.invoke0(Native Method)at sun.reflect.NativeMethodAccessorImpl.invoke(NativeMethodAccessorImpl.java:57)at sun.reflect.DelegatingMethodAccessorImpl.invoke(DelegatingMethodAccessorImpl.java:43)at java.lang.reflect.Method.invoke(Method.java:606)at org.apache.maven.surefire.util.ReflectionUtils.invokeMethodWithArray(ReflectionUtils.java:189)at org.apache.maven.surefire.booter.ProviderFactory$ProviderProxy.invoke(ProviderFactory.java:165)at org.apache.maven.surefire.booter.ProviderFactory.invokeProvider(ProviderFactory.java:85)at org.apache.maven.surefire.booter.ForkedBooter.runSuitesInProcess(ForkedBooter.java:115)at org.apache.maven.surefire.booter.ForkedBooter.main(ForkedBooter.java:75)</pre></div></div></td>
<td></td></tr>
<tr class="a">
<td><img src="images/icon_success_sml.gif" alt="" /></td>
<td>test_Title_Validation[Iteration # 20 : exp: Alhea; act: Alhea]</td>
<td>0.001</td></tr>
<tr class="b">
<td><a href="#core.Title_Validation_E2E.SeleniumTest.test_Title_Validation[Iteration # 21 : exp: Alhoo; act: Alhea]"><img src="images/icon_error_sml.gif" alt="" /></a></td>
<td><a href="#core.Title_Validation_E2E.SeleniumTest.test_Title_Validation[Iteration # 21 : exp: Alhoo; act: Alhea]">test_Title_Validation[Iteration # 21 : exp: Alhoo; act: Alhea]</a>
<div class="detailToggle" style="display:inline"><a href="javascript:toggleDisplay(&apos;core_Title_Validation_E2E_SeleniumTest_test_Title_Validation[Iteration # 21 : exp: Alhoo; act: Alhea]&apos;);"><span style="display:inline;" id="core_Title_Validation_E2E_SeleniumTest_test_Title_Validation[Iteration # 21 : exp: Alhoo; act: Alhea]off"> + </span><span style="display:none;" id="core_Title_Validation_E2E_SeleniumTest_test_Title_Validation[Iteration # 21 : exp: Alhoo; act: Alhea]on"> - </span>[ Detail ]</a></div></td>
<td>0</td></tr>
<tr class="a">
<td></td>
<td>FAILED expected:&lt;Alh[oo]&gt; but was:&lt;Alh[ea]&gt;</td>
<td></td></tr>
<tr class="b">
<td></td>
<td>
<div id="core_Title_Validation_E2E_SeleniumTest_test_Title_Validation[Iteration # 21 : exp: Alhoo; act: Alhea]error" style="display:none;">
<div>
<pre>org.junit.ComparisonFailure: FAILED expected:&lt;Alh[oo]&gt; but was:&lt;Alh[ea]&gt;at org.junit.Assert.assertEquals(Assert.java:115)at core.Title_Validation_E2E.SeleniumTest.test_Title_Validation(SeleniumTest.java:45)at sun.reflect.GeneratedMethodAccessor5.invoke(Unknown Source)at sun.reflect.DelegatingMethodAccessorImpl.invoke(DelegatingMethodAccessorImpl.java:43)at java.lang.reflect.Method.invoke(Method.java:606)at org.junit.runners.model.FrameworkMethod$1.runReflectiveCall(FrameworkMethod.java:47)at org.junit.internal.runners.model.ReflectiveCallable.run(ReflectiveCallable.java:12)at org.junit.runners.model.FrameworkMethod.invokeExplosively(FrameworkMethod.java:44)at org.junit.internal.runners.statements.InvokeMethod.evaluate(InvokeMethod.java:17)at org.junit.runners.ParentRunner.runLeaf(ParentRunner.java:271)at org.junit.runners.BlockJUnit4ClassRunner.runChild(BlockJUnit4ClassRunner.java:70)at org.junit.runners.BlockJUnit4ClassRunner.runChild(BlockJUnit4ClassRunner.java:50)at org.junit.runners.ParentRunner$3.run(ParentRunner.java:238)at org.junit.runners.ParentRunner$1.schedule(ParentRunner.java:63)at org.junit.runners.ParentRunner.runChildren(ParentRunner.java:236)at org.junit.runners.ParentRunner.access$000(ParentRunner.java:53)at org.junit.runners.ParentRunner$2.evaluate(ParentRunner.java:229)at org.junit.runners.ParentRunner.run(ParentRunner.java:309)at org.junit.runners.Suite.runChild(Suite.java:127)at org.junit.runners.Suite.runChild(Suite.java:26)at org.junit.runners.ParentRunner$3.run(ParentRunner.java:238)at org.junit.runners.ParentRunner$1.schedule(ParentRunner.java:63)at org.junit.runners.ParentRunner.runChildren(ParentRunner.java:236)at org.junit.runners.ParentRunner.access$000(ParentRunner.java:53)at org.junit.runners.ParentRunner$2.evaluate(ParentRunner.java:229)at org.junit.internal.runners.statements.RunBefores.evaluate(RunBefores.java:26)at org.junit.runners.ParentRunner.run(ParentRunner.java:309)at org.junit.runners.Suite.runChild(Suite.java:127)at org.junit.runners.Suite.runChild(Suite.java:26)at org.junit.runners.ParentRunner$3.run(ParentRunner.java:238)at org.junit.runners.ParentRunner$1.schedule(ParentRunner.java:63)at org.junit.runners.ParentRunner.runChildren(ParentRunner.java:236)at org.junit.runners.ParentRunner.access$000(ParentRunner.java:53)at org.junit.runners.ParentRunner$2.evaluate(ParentRunner.java:229)at org.junit.runners.ParentRunner.run(ParentRunner.java:309)at org.apache.maven.surefire.junit4.JUnit4Provider.execute(JUnit4Provider.java:252)at org.apache.maven.surefire.junit4.JUnit4Provider.executeTestSet(JUnit4Provider.java:141)at org.apache.maven.surefire.junit4.JUnit4Provider.invoke(JUnit4Provider.java:112)at sun.reflect.NativeMethodAccessorImpl.invoke0(Native Method)at sun.reflect.NativeMethodAccessorImpl.invoke(NativeMethodAccessorImpl.java:57)at sun.reflect.DelegatingMethodAccessorImpl.invoke(DelegatingMethodAccessorImpl.java:43)at java.lang.reflect.Method.invoke(Method.java:606)at org.apache.maven.surefire.util.ReflectionUtils.invokeMethodWithArray(ReflectionUtils.java:189)at org.apache.maven.surefire.booter.ProviderFactory$ProviderProxy.invoke(ProviderFactory.java:165)at org.apache.maven.surefire.booter.ProviderFactory.invokeProvider(ProviderFactory.java:85)at org.apache.maven.surefire.booter.ForkedBooter.runSuitesInProcess(ForkedBooter.java:115)at org.apache.maven.surefire.booter.ForkedBooter.main(ForkedBooter.java:75)</pre></div></div></td>
<td></td></tr>
<tr class="a">
<td><img src="images/icon_success_sml.gif" alt="" /></td>
<td>test_Title_Validation[Iteration # 22 : exp: HotBot; act: HotBot]</td>
<td>0.001</td></tr>
<tr class="b">
<td><a href="#core.Title_Validation_E2E.SeleniumTest.test_Title_Validation[Iteration # 23 : exp: HatBat; act: HotBot]"><img src="images/icon_error_sml.gif" alt="" /></a></td>
<td><a href="#core.Title_Validation_E2E.SeleniumTest.test_Title_Validation[Iteration # 23 : exp: HatBat; act: HotBot]">test_Title_Validation[Iteration # 23 : exp: HatBat; act: HotBot]</a>
<div class="detailToggle" style="display:inline"><a href="javascript:toggleDisplay(&apos;core_Title_Validation_E2E_SeleniumTest_test_Title_Validation[Iteration # 23 : exp: HatBat; act: HotBot]&apos;);"><span style="display:inline;" id="core_Title_Validation_E2E_SeleniumTest_test_Title_Validation[Iteration # 23 : exp: HatBat; act: HotBot]off"> + </span><span style="display:none;" id="core_Title_Validation_E2E_SeleniumTest_test_Title_Validation[Iteration # 23 : exp: HatBat; act: HotBot]on"> - </span>[ Detail ]</a></div></td>
<td>0</td></tr>
<tr class="a">
<td></td>
<td>FAILED expected:&lt;H[atBa]t&gt; but was:&lt;H[otBo]t&gt;</td>
<td></td></tr>
<tr class="b">
<td></td>
<td>
<div id="core_Title_Validation_E2E_SeleniumTest_test_Title_Validation[Iteration # 23 : exp: HatBat; act: HotBot]error" style="display:none;">
<div>
<pre>org.junit.ComparisonFailure: FAILED expected:&lt;H[atBa]t&gt; but was:&lt;H[otBo]t&gt;at org.junit.Assert.assertEquals(Assert.java:115)at core.Title_Validation_E2E.SeleniumTest.test_Title_Validation(SeleniumTest.java:45)at sun.reflect.GeneratedMethodAccessor5.invoke(Unknown Source)at sun.reflect.DelegatingMethodAccessorImpl.invoke(DelegatingMethodAccessorImpl.java:43)at java.lang.reflect.Method.invoke(Method.java:606)at org.junit.runners.model.FrameworkMethod$1.runReflectiveCall(FrameworkMethod.java:47)at org.junit.internal.runners.model.ReflectiveCallable.run(ReflectiveCallable.java:12)at org.junit.runners.model.FrameworkMethod.invokeExplosively(FrameworkMethod.java:44)at org.junit.internal.runners.statements.InvokeMethod.evaluate(InvokeMethod.java:17)at org.junit.runners.ParentRunner.runLeaf(ParentRunner.java:271)at org.junit.runners.BlockJUnit4ClassRunner.runChild(BlockJUnit4ClassRunner.java:70)at org.junit.runners.BlockJUnit4ClassRunner.runChild(BlockJUnit4ClassRunner.java:50)at org.junit.runners.ParentRunner$3.run(ParentRunner.java:238)at org.junit.runners.ParentRunner$1.schedule(ParentRunner.java:63)at org.junit.runners.ParentRunner.runChildren(ParentRunner.java:236)at org.junit.runners.ParentRunner.access$000(ParentRunner.java:53)at org.junit.runners.ParentRunner$2.evaluate(ParentRunner.java:229)at org.junit.runners.ParentRunner.run(ParentRunner.java:309)at org.junit.runners.Suite.runChild(Suite.java:127)at org.junit.runners.Suite.runChild(Suite.java:26)at org.junit.runners.ParentRunner$3.run(ParentRunner.java:238)at org.junit.runners.ParentRunner$1.schedule(ParentRunner.java:63)at org.junit.runners.ParentRunner.runChildren(ParentRunner.java:236)at org.junit.runners.ParentRunner.access$000(ParentRunner.java:53)at org.junit.runners.ParentRunner$2.evaluate(ParentRunner.java:229)at org.junit.internal.runners.statements.RunBefores.evaluate(RunBefores.java:26)at org.junit.runners.ParentRunner.run(ParentRunner.java:309)at org.junit.runners.Suite.runChild(Suite.java:127)at org.junit.runners.Suite.runChild(Suite.java:26)at org.junit.runners.ParentRunner$3.run(ParentRunner.java:238)at org.junit.runners.ParentRunner$1.schedule(ParentRunner.java:63)at org.junit.runners.ParentRunner.runChildren(ParentRunner.java:236)at org.junit.runners.ParentRunner.access$000(ParentRunner.java:53)at org.junit.runners.ParentRunner$2.evaluate(ParentRunner.java:229)at org.junit.runners.ParentRunner.run(ParentRunner.java:309)at org.apache.maven.surefire.junit4.JUnit4Provider.execute(JUnit4Provider.java:252)at org.apache.maven.surefire.junit4.JUnit4Provider.executeTestSet(JUnit4Provider.java:141)at org.apache.maven.surefire.junit4.JUnit4Provider.invoke(JUnit4Provider.java:112)at sun.reflect.NativeMethodAccessorImpl.invoke0(Native Method)at sun.reflect.NativeMethodAccessorImpl.invoke(NativeMethodAccessorImpl.java:57)at sun.reflect.DelegatingMethodAccessorImpl.invoke(DelegatingMethodAccessorImpl.java:43)at java.lang.reflect.Method.invoke(Method.java:606)at org.apache.maven.surefire.util.ReflectionUtils.invokeMethodWithArray(ReflectionUtils.java:189)at org.apache.maven.surefire.booter.ProviderFactory$ProviderProxy.invoke(ProviderFactory.java:165)at org.apache.maven.surefire.booter.ProviderFactory.invokeProvider(ProviderFactory.java:85)at org.apache.maven.surefire.booter.ForkedBooter.runSuitesInProcess(ForkedBooter.java:115)at org.apache.maven.surefire.booter.ForkedBooter.main(ForkedBooter.java:75)</pre></div></div></td>
<td></td></tr>
<tr class="a">
<td><img src="images/icon_success_sml.gif" alt="" /></td>
<td>test_Title_Validation[Iteration # 24 : exp: Questions &amp; Answers | ChaCha; act: Questions &amp; Answers | ChaCha]</td>
<td>0</td></tr>
<tr class="b">
<td><a href="#core.Title_Validation_E2E.SeleniumTest.test_Title_Validation[Iteration # 25 : exp: Questions &amp; Answers | Ch0Ch0; act: Questions &amp; Answers | ChaCha]"><img src="images/icon_error_sml.gif" alt="" /></a></td>
<td><a href="#core.Title_Validation_E2E.SeleniumTest.test_Title_Validation[Iteration # 25 : exp: Questions &amp; Answers | Ch0Ch0; act: Questions &amp; Answers | ChaCha]">test_Title_Validation[Iteration # 25 : exp: Questions &amp; Answers | Ch0Ch0; act: Questions &amp; Answers | ChaCha]</a>
<div class="detailToggle" style="display:inline"><a href="javascript:toggleDisplay(&apos;core_Title_Validation_E2E_SeleniumTest_test_Title_Validation[Iteration # 25 : exp: Questions &amp; Answers | Ch0Ch0; act: Questions &amp; Answers | ChaCha]&apos;);"><span style="display:inline;" id="core_Title_Validation_E2E_SeleniumTest_test_Title_Validation[Iteration # 25 : exp: Questions &amp; Answers | Ch0Ch0; act: Questions &amp; Answers | ChaCha]off"> + </span><span style="display:none;" id="core_Title_Validation_E2E_SeleniumTest_test_Title_Validation[Iteration # 25 : exp: Questions &amp; Answers | Ch0Ch0; act: Questions &amp; Answers | ChaCha]on"> - </span>[ Detail ]</a></div></td>
<td>0.001</td></tr>
<tr class="a">
<td></td>
<td>FAILED expected:&lt;...tions &amp; Answers | Ch[0Ch0]&gt; but was:&lt;...tions &amp; Answers | Ch[aCha]&gt;</td>
<td></td></tr>
<tr class="b">
<td></td>
<td>
<div id="core_Title_Validation_E2E_SeleniumTest_test_Title_Validation[Iteration # 25 : exp: Questions &amp; Answers | Ch0Ch0; act: Questions &amp; Answers | ChaCha]error" style="display:none;">
<div>
<pre>org.junit.ComparisonFailure: FAILED expected:&lt;...tions &amp; Answers | Ch[0Ch0]&gt; but was:&lt;...tions &amp; Answers | Ch[aCha]&gt;at org.junit.Assert.assertEquals(Assert.java:115)at core.Title_Validation_E2E.SeleniumTest.test_Title_Validation(SeleniumTest.java:45)at sun.reflect.GeneratedMethodAccessor5.invoke(Unknown Source)at sun.reflect.DelegatingMethodAccessorImpl.invoke(DelegatingMethodAccessorImpl.java:43)at java.lang.reflect.Method.invoke(Method.java:606)at org.junit.runners.model.FrameworkMethod$1.runReflectiveCall(FrameworkMethod.java:47)at org.junit.internal.runners.model.ReflectiveCallable.run(ReflectiveCallable.java:12)at org.junit.runners.model.FrameworkMethod.invokeExplosively(FrameworkMethod.java:44)at org.junit.internal.runners.statements.InvokeMethod.evaluate(InvokeMethod.java:17)at org.junit.runners.ParentRunner.runLeaf(ParentRunner.java:271)at org.junit.runners.BlockJUnit4ClassRunner.runChild(BlockJUnit4ClassRunner.java:70)at org.junit.runners.BlockJUnit4ClassRunner.runChild(BlockJUnit4ClassRunner.java:50)at org.junit.runners.ParentRunner$3.run(ParentRunner.java:238)at org.junit.runners.ParentRunner$1.schedule(ParentRunner.java:63)at org.junit.runners.ParentRunner.runChildren(ParentRunner.java:236)at org.junit.runners.ParentRunner.access$000(ParentRunner.java:53)at org.junit.runners.ParentRunner$2.evaluate(ParentRunner.java:229)at org.junit.runners.ParentRunner.run(ParentRunner.java:309)at org.junit.runners.Suite.runChild(Suite.java:127)at org.junit.runners.Suite.runChild(Suite.java:26)at org.junit.runners.ParentRunner$3.run(ParentRunner.java:238)at org.junit.runners.ParentRunner$1.schedule(ParentRunner.java:63)at org.junit.runners.ParentRunner.runChildren(ParentRunner.java:236)at org.junit.runners.ParentRunner.access$000(ParentRunner.java:53)at org.junit.runners.ParentRunner$2.evaluate(ParentRunner.java:229)at org.junit.internal.runners.statements.RunBefores.evaluate(RunBefores.java:26)at org.junit.runners.ParentRunner.run(ParentRunner.java:309)at org.junit.runners.Suite.runChild(Suite.java:127)at org.junit.runners.Suite.runChild(Suite.java:26)at org.junit.runners.ParentRunner$3.run(ParentRunner.java:238)at org.junit.runners.ParentRunner$1.schedule(ParentRunner.java:63)at org.junit.runners.ParentRunner.runChildren(ParentRunner.java:236)at org.junit.runners.ParentRunner.access$000(ParentRunner.java:53)at org.junit.runners.ParentRunner$2.evaluate(ParentRunner.java:229)at org.junit.runners.ParentRunner.run(ParentRunner.java:309)at org.apache.maven.surefire.junit4.JUnit4Provider.execute(JUnit4Provider.java:252)at org.apache.maven.surefire.junit4.JUnit4Provider.executeTestSet(JUnit4Provider.java:141)at org.apache.maven.surefire.junit4.JUnit4Provider.invoke(JUnit4Provider.java:112)at sun.reflect.NativeMethodAccessorImpl.invoke0(Native Method)at sun.reflect.NativeMethodAccessorImpl.invoke(NativeMethodAccessorImpl.java:57)at sun.reflect.DelegatingMethodAccessorImpl.invoke(DelegatingMethodAccessorImpl.java:43)at java.lang.reflect.Method.invoke(Method.java:606)at org.apache.maven.surefire.util.ReflectionUtils.invokeMethodWithArray(ReflectionUtils.java:189)at org.apache.maven.surefire.booter.ProviderFactory$ProviderProxy.invoke(ProviderFactory.java:165)at org.apache.maven.surefire.booter.ProviderFactory.invokeProvider(ProviderFactory.java:85)at org.apache.maven.surefire.booter.ForkedBooter.runSuitesInProcess(ForkedBooter.java:115)at org.apache.maven.surefire.booter.ForkedBooter.main(ForkedBooter.java:75)</pre></div></div></td>
<td></td></tr></table></div><br /></div>
<div class="section">
<h2>Failure Details<a name="Failure_Details"></a></h2><a name="Failure_Details"></a>
<p>[<a href="#Summary">Summary</a>] [<a href="#Package_List">Package List</a>] [<a href="#Test_Cases">Test Cases</a>]</p><br />
<table border="1" class="bodyTable">
<tr class="a">
<td><img src="images/icon_error_sml.gif" alt="" /></td>
<td><a name="core.Title_Validation_E2E.SeleniumTest.test_Title_ValidationIteration__1_:_exp:_Gaagle_act:_Google"></a>test_Title_Validation[Iteration # 1 : exp: Gaagle; act: Google]</td></tr>
<tr class="b">
<td></td>
<td>org.junit.ComparisonFailure: FAILED expected:&lt;G[aa]gle&gt; but was:&lt;G[oo]gle&gt;</td></tr>                                                                                                                                                                                                
<tr class="a">
<td></td>
<td>
<div id="test_Title_Validation[Iteration # 1 : exp: Gaagle; act: Google]error">core.Title_Validation_E2E.SeleniumTest:</div></td></tr>
<tr class="b">
<td><img src="images/icon_error_sml.gif" alt="" /></td>
<td><a name="core.Title_Validation_E2E.SeleniumTest.test_Title_ValidationIteration__3_:_exp:_Bang_act:_Bing"></a>test_Title_Validation[Iteration # 3 : exp: Bang; act: Bing]</td></tr>
<tr class="a">
<td></td>
<td>org.junit.ComparisonFailure: FAILED expected:&lt;B[a]ng&gt; but was:&lt;B[i]ng&gt;</td></tr>                                                                                                                                                                                            
<tr class="b">
<td></td>
<td>
<div id="test_Title_Validation[Iteration # 3 : exp: Bang; act: Bing]error">core.Title_Validation_E2E.SeleniumTest:</div></td></tr>
<tr class="a">
<td><img src="images/icon_error_sml.gif" alt="" /></td>
<td><a name="core.Title_Validation_E2E.SeleniumTest.test_Title_ValidationIteration__5_:_exp:_Yahaa_act:_Yahoo"></a>test_Title_Validation[Iteration # 5 : exp: Yahaa; act: Yahoo]</td></tr>
<tr class="b">
<td></td>
<td>org.junit.ComparisonFailure: FAILED expected:&lt;Yah[aa]&gt; but was:&lt;Yah[oo]&gt;</td></tr>                                                                                                                                                                                            
<tr class="a">
<td></td>
<td>
<div id="test_Title_Validation[Iteration # 5 : exp: Yahaa; act: Yahoo]error">core.Title_Validation_E2E.SeleniumTest:</div></td></tr>
<tr class="b">
<td><img src="images/icon_error_sml.gif" alt="" /></td>
<td><a name="core.Title_Validation_E2E.SeleniumTest.test_Title_ValidationIteration__7_:_exp:_OOL_Search_act:_AOL_Search"></a>test_Title_Validation[Iteration # 7 : exp: OOL Search; act: AOL Search]</td></tr>
<tr class="a">
<td></td>
<td>org.junit.ComparisonFailure: FAILED expected:&lt;[O]OL Search&gt; but was:&lt;[A]OL Search&gt;</td></tr>                                                                                                                                                                                                
<tr class="b">
<td></td>
<td>
<div id="test_Title_Validation[Iteration # 7 : exp: OOL Search; act: AOL Search]error">core.Title_Validation_E2E.SeleniumTest:</div></td></tr>
<tr class="a">
<td><img src="images/icon_error_sml.gif" alt="" /></td>
<td><a name="core.Title_Validation_E2E.SeleniumTest.test_Title_ValidationIteration__9_:_exp:_WAW.com_act:_WOW.com"></a>test_Title_Validation[Iteration # 9 : exp: WAW.com; act: WOW.com]</td></tr>
<tr class="b">
<td></td>
<td>org.junit.ComparisonFailure: FAILED expected:&lt;W[A]W.com&gt; but was:&lt;W[O]W.com&gt;</td></tr>                                                                                                                                                                                                
<tr class="a">
<td></td>
<td>
<div id="test_Title_Validation[Iteration # 9 : exp: WAW.com; act: WOW.com]error">core.Title_Validation_E2E.SeleniumTest:</div></td></tr>
<tr class="b">
<td><img src="images/icon_error_sml.gif" alt="" /></td>
<td><a name="core.Title_Validation_E2E.SeleniumTest.test_Title_ValidationIteration__10_:_exp:_Facebook_act:_Welcome_to_Facebook_-_Log_In_Sign_Up_or_Learn_More"></a>test_Title_Validation[Iteration # 10 : exp: Facebook; act: Welcome to Facebook - Log In, Sign Up or Learn More]</td></tr>
<tr class="a">
<td></td>
<td>org.junit.ComparisonFailure: FAILED expected:&lt;[Facebook]&gt; but was:&lt;[Welcome to Facebook - Log In, Sign Up or Learn More]&gt;</td></tr>                                                                                                                                                                                                
<tr class="b">
<td></td>
<td>
<div id="test_Title_Validation[Iteration # 10 : exp: Facebook; act: Welcome to Facebook - Log In, Sign Up or Learn More]error">core.Title_Validation_E2E.SeleniumTest:</div></td></tr>
<tr class="a">
<td><img src="images/icon_error_sml.gif" alt="" /></td>
<td><a name="core.Title_Validation_E2E.SeleniumTest.test_Title_ValidationIteration__11_:_exp:_Fockbook_act:_Welcome_to_Facebook_-_Log_In_Sign_Up_or_Learn_More"></a>test_Title_Validation[Iteration # 11 : exp: Fockbook; act: Welcome to Facebook - Log In, Sign Up or Learn More]</td></tr>
<tr class="b">
<td></td>
<td>org.junit.ComparisonFailure: FAILED expected:&lt;[Fockbook]&gt; but was:&lt;[Welcome to Facebook - Log In, Sign Up or Learn More]&gt;</td></tr>                                                                                                                                                                                                
<tr class="a">
<td></td>
<td>
<div id="test_Title_Validation[Iteration # 11 : exp: Fockbook; act: Welcome to Facebook - Log In, Sign Up or Learn More]error">core.Title_Validation_E2E.SeleniumTest:</div></td></tr>
<tr class="b">
<td><img src="images/icon_error_sml.gif" alt="" /></td>
<td><a name="core.Title_Validation_E2E.SeleniumTest.test_Title_ValidationIteration__13_:_exp:_NotMyWebSearch_Home_Page_act:_MyWebSearch_Home_Page"></a>test_Title_Validation[Iteration # 13 : exp: NotMyWebSearch Home Page; act: MyWebSearch Home Page]</td></tr>
<tr class="a">
<td></td>
<td>org.junit.ComparisonFailure: FAILED expected:&lt;[Not]MyWebSearch Home Pag...&gt; but was:&lt;[]MyWebSearch Home Pag...&gt;</td></tr>                                                                                                                                                                                                
<tr class="b">
<td></td>
<td>
<div id="test_Title_Validation[Iteration # 13 : exp: NotMyWebSearch Home Page; act: MyWebSearch Home Page]error">core.Title_Validation_E2E.SeleniumTest:</div></td></tr>
<tr class="a">
<td><img src="images/icon_error_sml.gif" alt="" /></td>
<td><a name="core.Title_Validation_E2E.SeleniumTest.test_Title_ValidationIteration__15_:_exp:_InfooSpace_act:_InfoSpace"></a>test_Title_Validation[Iteration # 15 : exp: InfooSpace; act: InfoSpace]</td></tr>
<tr class="b">
<td></td>
<td>org.junit.ComparisonFailure: FAILED expected:&lt;Info[o]Space&gt; but was:&lt;Info[]Space&gt;</td></tr>                                                                                                                                                                                                
<tr class="a">
<td></td>
<td>
<div id="test_Title_Validation[Iteration # 15 : exp: InfooSpace; act: InfoSpace]error">core.Title_Validation_E2E.SeleniumTest:</div></td></tr>
<tr class="b">
<td><img src="images/icon_error_sml.gif" alt="" /></td>
<td><a name="core.Title_Validation_E2E.SeleniumTest.test_Title_ValidationIteration__17_:_exp:_Dagpile_Web_Search_act:_Dogpile_Web_Search"></a>test_Title_Validation[Iteration # 17 : exp: Dagpile Web Search; act: Dogpile Web Search]</td></tr>
<tr class="a">
<td></td>
<td>org.junit.ComparisonFailure: FAILED expected:&lt;D[a]gpile Web Search&gt; but was:&lt;D[o]gpile Web Search&gt;</td></tr>                                                                                                                                                                                            
<tr class="b">
<td></td>
<td>
<div id="test_Title_Validation[Iteration # 17 : exp: Dagpile Web Search; act: Dogpile Web Search]error">core.Title_Validation_E2E.SeleniumTest:</div></td></tr>
<tr class="a">
<td><img src="images/icon_error_sml.gif" alt="" /></td>
<td><a name="core.Title_Validation_E2E.SeleniumTest.test_Title_ValidationIteration__19_:_exp:_Contenko_-_A_foster_woy_to_search_act:_Contenko_-_A_faster_way_to_search"></a>test_Title_Validation[Iteration # 19 : exp: Contenko - A foster woy to search; act: Contenko - A faster way to search]</td></tr>
<tr class="b">
<td></td>
<td>org.junit.ComparisonFailure: FAILED expected:&lt;Contenko - A f[oster wo]y to search&gt; but was:&lt;Contenko - A f[aster wa]y to search&gt;</td></tr>                                                                                                                                                                                            
<tr class="a">
<td></td>
<td>
<div id="test_Title_Validation[Iteration # 19 : exp: Contenko - A foster woy to search; act: Contenko - A faster way to search]error">core.Title_Validation_E2E.SeleniumTest:</div></td></tr>
<tr class="b">
<td><img src="images/icon_error_sml.gif" alt="" /></td>
<td><a name="core.Title_Validation_E2E.SeleniumTest.test_Title_ValidationIteration__21_:_exp:_Alhoo_act:_Alhea"></a>test_Title_Validation[Iteration # 21 : exp: Alhoo; act: Alhea]</td></tr>
<tr class="a">
<td></td>
<td>org.junit.ComparisonFailure: FAILED expected:&lt;Alh[oo]&gt; but was:&lt;Alh[ea]&gt;</td></tr>                                                                                                                                                                                            
<tr class="b">
<td></td>
<td>
<div id="test_Title_Validation[Iteration # 21 : exp: Alhoo; act: Alhea]error">core.Title_Validation_E2E.SeleniumTest:</div></td></tr>
<tr class="a">
<td><img src="images/icon_error_sml.gif" alt="" /></td>
<td><a name="core.Title_Validation_E2E.SeleniumTest.test_Title_ValidationIteration__23_:_exp:_HatBat_act:_HotBot"></a>test_Title_Validation[Iteration # 23 : exp: HatBat; act: HotBot]</td></tr>
<tr class="b">
<td></td>
<td>org.junit.ComparisonFailure: FAILED expected:&lt;H[atBa]t&gt; but was:&lt;H[otBo]t&gt;</td></tr>                                                                                                                                                                                            
<tr class="a">
<td></td>
<td>
<div id="test_Title_Validation[Iteration # 23 : exp: HatBat; act: HotBot]error">core.Title_Validation_E2E.SeleniumTest:</div></td></tr>
<tr class="b">
<td><img src="images/icon_error_sml.gif" alt="" /></td>
<td><a name="core.Title_Validation_E2E.SeleniumTest.test_Title_ValidationIteration__25_:_exp:_Questions__Answers__Ch0Ch0_act:_Questions__Answers__ChaCha"></a>test_Title_Validation[Iteration # 25 : exp: Questions &amp; Answers | Ch0Ch0; act: Questions &amp; Answers | ChaCha]</td></tr>
<tr class="a">
<td></td>
<td>org.junit.ComparisonFailure: FAILED expected:&lt;...tions &amp; Answers | Ch[0Ch0]&gt; but was:&lt;...tions &amp; Answers | Ch[aCha]&gt;</td></tr>                                                                                                                                                                                            
<tr class="b">
<td></td>
<td>
<div id="test_Title_Validation[Iteration # 25 : exp: Questions &amp; Answers | Ch0Ch0; act: Questions &amp; Answers | ChaCha]error">core.Title_Validation_E2E.SeleniumTest:</div></td></tr></table><br /></div>
      </div>
    </div>
    <div class="clear">
      <hr/>
    </div>
    <div id="footer">
      <div class="xright">
              Copyright &#169;                   2014.
          All Rights Reserved.      
                    
                  </div>
      <div class="clear">
        <hr/>
      </div>
    </div>
  </body>
</html>
